{"C:\\DEV\\Internship\\messaging_system\\server.js": {"path":"C:\\DEV\\Internship\\messaging_system\\server.js","all":false,"statementMap":{"0":{"start":{"line":1,"column":0},"end":{"line":1,"column":27}},"1":{"start":{"line":2,"column":0},"end":{"line":2,"column":0}},"2":{"start":{"line":3,"column":0},"end":{"line":3,"column":35}},"3":{"start":{"line":4,"column":0},"end":{"line":4,"column":29}},"4":{"start":{"line":5,"column":0},"end":{"line":5,"column":41}},"5":{"start":{"line":6,"column":0},"end":{"line":6,"column":33}},"6":{"start":{"line":7,"column":0},"end":{"line":7,"column":0}},"7":{"start":{"line":8,"column":0},"end":{"line":8,"column":22}},"8":{"start":{"line":9,"column":0},"end":{"line":9,"column":16}},"9":{"start":{"line":10,"column":0},"end":{"line":10,"column":24}},"10":{"start":{"line":11,"column":0},"end":{"line":11,"column":0}},"11":{"start":{"line":12,"column":0},"end":{"line":12,"column":16}},"12":{"start":{"line":13,"column":0},"end":{"line":13,"column":0}},"13":{"start":{"line":14,"column":0},"end":{"line":14,"column":48}},"14":{"start":{"line":15,"column":0},"end":{"line":15,"column":19}},"15":{"start":{"line":16,"column":0},"end":{"line":16,"column":9}},"16":{"start":{"line":17,"column":0},"end":{"line":17,"column":33}},"17":{"start":{"line":18,"column":0},"end":{"line":18,"column":33}},"18":{"start":{"line":19,"column":0},"end":{"line":19,"column":4}},"19":{"start":{"line":20,"column":0},"end":{"line":20,"column":3}},"20":{"start":{"line":21,"column":0},"end":{"line":21,"column":0}},"21":{"start":{"line":22,"column":0},"end":{"line":22,"column":52}},"22":{"start":{"line":23,"column":0},"end":{"line":23,"column":86}},"23":{"start":{"line":24,"column":0},"end":{"line":24,"column":23}},"24":{"start":{"line":25,"column":0},"end":{"line":25,"column":33}},"25":{"start":{"line":26,"column":0},"end":{"line":26,"column":14}},"26":{"start":{"line":27,"column":0},"end":{"line":27,"column":42}},"27":{"start":{"line":28,"column":0},"end":{"line":28,"column":11}},"28":{"start":{"line":29,"column":0},"end":{"line":29,"column":35}},"29":{"start":{"line":30,"column":0},"end":{"line":30,"column":57}},"30":{"start":{"line":31,"column":0},"end":{"line":31,"column":51}},"31":{"start":{"line":32,"column":0},"end":{"line":32,"column":6}},"32":{"start":{"line":33,"column":0},"end":{"line":33,"column":4}},"33":{"start":{"line":34,"column":0},"end":{"line":34,"column":0}},"34":{"start":{"line":35,"column":0},"end":{"line":35,"column":42}},"35":{"start":{"line":36,"column":0},"end":{"line":36,"column":1}},"36":{"start":{"line":37,"column":0},"end":{"line":37,"column":0}},"37":{"start":{"line":38,"column":0},"end":{"line":38,"column":45}},"38":{"start":{"line":39,"column":0},"end":{"line":39,"column":98}},"39":{"start":{"line":40,"column":0},"end":{"line":40,"column":23}},"40":{"start":{"line":41,"column":0},"end":{"line":41,"column":33}},"41":{"start":{"line":42,"column":0},"end":{"line":42,"column":14}},"42":{"start":{"line":43,"column":0},"end":{"line":43,"column":30}},"43":{"start":{"line":44,"column":0},"end":{"line":44,"column":11}},"44":{"start":{"line":45,"column":0},"end":{"line":45,"column":29}},"45":{"start":{"line":46,"column":0},"end":{"line":46,"column":57}},"46":{"start":{"line":47,"column":0},"end":{"line":47,"column":47}},"47":{"start":{"line":48,"column":0},"end":{"line":48,"column":6}},"48":{"start":{"line":49,"column":0},"end":{"line":49,"column":4}},"49":{"start":{"line":50,"column":0},"end":{"line":50,"column":0}},"50":{"start":{"line":51,"column":0},"end":{"line":51,"column":42}},"51":{"start":{"line":52,"column":0},"end":{"line":52,"column":1}},"52":{"start":{"line":53,"column":0},"end":{"line":53,"column":0}},"53":{"start":{"line":54,"column":0},"end":{"line":54,"column":0}},"54":{"start":{"line":55,"column":0},"end":{"line":55,"column":47}},"55":{"start":{"line":56,"column":0},"end":{"line":56,"column":7}},"56":{"start":{"line":57,"column":0},"end":{"line":57,"column":47}},"57":{"start":{"line":58,"column":0},"end":{"line":58,"column":0}},"58":{"start":{"line":59,"column":0},"end":{"line":59,"column":60}},"59":{"start":{"line":60,"column":0},"end":{"line":60,"column":23}},"60":{"start":{"line":61,"column":0},"end":{"line":61,"column":71}},"61":{"start":{"line":62,"column":0},"end":{"line":62,"column":5}},"62":{"start":{"line":63,"column":0},"end":{"line":63,"column":0}},"63":{"start":{"line":64,"column":0},"end":{"line":64,"column":63}},"64":{"start":{"line":65,"column":0},"end":{"line":65,"column":0}},"65":{"start":{"line":66,"column":0},"end":{"line":66,"column":16}},"66":{"start":{"line":67,"column":0},"end":{"line":67,"column":12}},"67":{"start":{"line":68,"column":0},"end":{"line":68,"column":15}},"68":{"start":{"line":69,"column":0},"end":{"line":69,"column":11}},"69":{"start":{"line":70,"column":0},"end":{"line":70,"column":22}},"70":{"start":{"line":71,"column":0},"end":{"line":71,"column":18}},"71":{"start":{"line":72,"column":0},"end":{"line":72,"column":7}},"72":{"start":{"line":73,"column":0},"end":{"line":73,"column":0}},"73":{"start":{"line":74,"column":0},"end":{"line":74,"column":52}},"74":{"start":{"line":75,"column":0},"end":{"line":75,"column":0}},"75":{"start":{"line":76,"column":0},"end":{"line":76,"column":93}},"76":{"start":{"line":77,"column":0},"end":{"line":77,"column":19}},"77":{"start":{"line":78,"column":0},"end":{"line":78,"column":25}},"78":{"start":{"line":79,"column":0},"end":{"line":79,"column":70}},"79":{"start":{"line":80,"column":0},"end":{"line":80,"column":3}},"80":{"start":{"line":81,"column":0},"end":{"line":81,"column":3}},"81":{"start":{"line":82,"column":0},"end":{"line":82,"column":0}},"82":{"start":{"line":83,"column":0},"end":{"line":83,"column":38}},"83":{"start":{"line":84,"column":0},"end":{"line":84,"column":37}},"84":{"start":{"line":85,"column":0},"end":{"line":85,"column":0}},"85":{"start":{"line":86,"column":0},"end":{"line":86,"column":77}},"86":{"start":{"line":87,"column":0},"end":{"line":87,"column":14}},"87":{"start":{"line":88,"column":0},"end":{"line":88,"column":61}},"88":{"start":{"line":89,"column":0},"end":{"line":89,"column":3}},"89":{"start":{"line":90,"column":0},"end":{"line":90,"column":0}},"90":{"start":{"line":91,"column":0},"end":{"line":91,"column":23}},"91":{"start":{"line":92,"column":0},"end":{"line":92,"column":26}},"92":{"start":{"line":93,"column":0},"end":{"line":93,"column":0}},"93":{"start":{"line":94,"column":0},"end":{"line":94,"column":57}},"94":{"start":{"line":95,"column":0},"end":{"line":95,"column":3}},"95":{"start":{"line":96,"column":0},"end":{"line":96,"column":0}},"96":{"start":{"line":97,"column":0},"end":{"line":97,"column":38}},"97":{"start":{"line":98,"column":0},"end":{"line":98,"column":39}},"98":{"start":{"line":99,"column":0},"end":{"line":99,"column":77}},"99":{"start":{"line":100,"column":0},"end":{"line":100,"column":0}},"100":{"start":{"line":101,"column":0},"end":{"line":101,"column":14}},"101":{"start":{"line":102,"column":0},"end":{"line":102,"column":68}},"102":{"start":{"line":103,"column":0},"end":{"line":103,"column":3}},"103":{"start":{"line":104,"column":0},"end":{"line":104,"column":23}},"104":{"start":{"line":105,"column":0},"end":{"line":105,"column":95}},"105":{"start":{"line":106,"column":0},"end":{"line":106,"column":3}},"106":{"start":{"line":107,"column":0},"end":{"line":107,"column":0}},"107":{"start":{"line":108,"column":0},"end":{"line":108,"column":20}},"108":{"start":{"line":109,"column":0},"end":{"line":109,"column":32}},"109":{"start":{"line":110,"column":0},"end":{"line":110,"column":22}},"110":{"start":{"line":111,"column":0},"end":{"line":111,"column":19}},"111":{"start":{"line":112,"column":0},"end":{"line":112,"column":5}},"112":{"start":{"line":113,"column":0},"end":{"line":113,"column":3}},"113":{"start":{"line":114,"column":0},"end":{"line":114,"column":0}},"114":{"start":{"line":115,"column":0},"end":{"line":115,"column":54}},"115":{"start":{"line":116,"column":0},"end":{"line":116,"column":7}},"116":{"start":{"line":117,"column":0},"end":{"line":117,"column":31}},"117":{"start":{"line":118,"column":0},"end":{"line":118,"column":52}},"118":{"start":{"line":119,"column":0},"end":{"line":119,"column":0}},"119":{"start":{"line":120,"column":0},"end":{"line":120,"column":16}},"120":{"start":{"line":121,"column":0},"end":{"line":121,"column":74}},"121":{"start":{"line":122,"column":0},"end":{"line":122,"column":5}},"122":{"start":{"line":123,"column":0},"end":{"line":123,"column":0}},"123":{"start":{"line":124,"column":0},"end":{"line":124,"column":62}},"124":{"start":{"line":125,"column":0},"end":{"line":125,"column":33}},"125":{"start":{"line":126,"column":0},"end":{"line":126,"column":0}},"126":{"start":{"line":127,"column":0},"end":{"line":127,"column":44}},"127":{"start":{"line":128,"column":0},"end":{"line":128,"column":0}},"128":{"start":{"line":129,"column":0},"end":{"line":129,"column":62}},"129":{"start":{"line":130,"column":0},"end":{"line":130,"column":17}},"130":{"start":{"line":131,"column":0},"end":{"line":131,"column":23}},"131":{"start":{"line":132,"column":0},"end":{"line":132,"column":70}},"132":{"start":{"line":133,"column":0},"end":{"line":133,"column":3}},"133":{"start":{"line":134,"column":0},"end":{"line":134,"column":3}},"134":{"start":{"line":135,"column":0},"end":{"line":135,"column":0}},"135":{"start":{"line":136,"column":0},"end":{"line":136,"column":47}},"136":{"start":{"line":137,"column":0},"end":{"line":137,"column":49}},"137":{"start":{"line":138,"column":0},"end":{"line":138,"column":76}},"138":{"start":{"line":139,"column":0},"end":{"line":139,"column":2}},"139":{"start":{"line":140,"column":0},"end":{"line":140,"column":14}},"140":{"start":{"line":141,"column":0},"end":{"line":141,"column":68}},"141":{"start":{"line":142,"column":0},"end":{"line":142,"column":3}},"142":{"start":{"line":143,"column":0},"end":{"line":143,"column":0}},"143":{"start":{"line":144,"column":0},"end":{"line":144,"column":30}},"144":{"start":{"line":145,"column":0},"end":{"line":145,"column":25}},"145":{"start":{"line":146,"column":0},"end":{"line":146,"column":0}},"146":{"start":{"line":147,"column":0},"end":{"line":147,"column":58}},"147":{"start":{"line":148,"column":0},"end":{"line":148,"column":3}},"148":{"start":{"line":149,"column":0},"end":{"line":149,"column":0}},"149":{"start":{"line":150,"column":0},"end":{"line":150,"column":0}},"150":{"start":{"line":151,"column":0},"end":{"line":151,"column":47}},"151":{"start":{"line":152,"column":0},"end":{"line":152,"column":7}},"152":{"start":{"line":153,"column":0},"end":{"line":153,"column":79}},"153":{"start":{"line":154,"column":0},"end":{"line":154,"column":39}},"154":{"start":{"line":155,"column":0},"end":{"line":155,"column":19}},"155":{"start":{"line":156,"column":0},"end":{"line":156,"column":19}},"156":{"start":{"line":157,"column":0},"end":{"line":157,"column":25}},"157":{"start":{"line":158,"column":0},"end":{"line":158,"column":67}},"158":{"start":{"line":159,"column":0},"end":{"line":159,"column":3}},"159":{"start":{"line":160,"column":0},"end":{"line":160,"column":3}},"160":{"start":{"line":161,"column":0},"end":{"line":161,"column":0}},"161":{"start":{"line":162,"column":0},"end":{"line":162,"column":48}},"162":{"start":{"line":163,"column":0},"end":{"line":163,"column":7}},"163":{"start":{"line":164,"column":0},"end":{"line":164,"column":80}},"164":{"start":{"line":165,"column":0},"end":{"line":165,"column":21}},"165":{"start":{"line":166,"column":0},"end":{"line":166,"column":54}},"166":{"start":{"line":167,"column":0},"end":{"line":167,"column":37}},"167":{"start":{"line":168,"column":0},"end":{"line":168,"column":7}},"168":{"start":{"line":169,"column":0},"end":{"line":169,"column":41}},"169":{"start":{"line":170,"column":0},"end":{"line":170,"column":33}},"170":{"start":{"line":171,"column":0},"end":{"line":171,"column":19}},"171":{"start":{"line":172,"column":0},"end":{"line":172,"column":25}},"172":{"start":{"line":173,"column":0},"end":{"line":173,"column":67}},"173":{"start":{"line":174,"column":0},"end":{"line":174,"column":3}},"174":{"start":{"line":175,"column":0},"end":{"line":175,"column":3}},"175":{"start":{"line":176,"column":0},"end":{"line":176,"column":0}},"176":{"start":{"line":177,"column":0},"end":{"line":177,"column":51}},"177":{"start":{"line":178,"column":0},"end":{"line":178,"column":7}},"178":{"start":{"line":179,"column":0},"end":{"line":179,"column":97}},"179":{"start":{"line":180,"column":0},"end":{"line":180,"column":20}},"180":{"start":{"line":181,"column":0},"end":{"line":181,"column":54}},"181":{"start":{"line":182,"column":0},"end":{"line":182,"column":37}},"182":{"start":{"line":183,"column":0},"end":{"line":183,"column":7}},"183":{"start":{"line":184,"column":0},"end":{"line":184,"column":41}},"184":{"start":{"line":185,"column":0},"end":{"line":185,"column":21}},"185":{"start":{"line":186,"column":0},"end":{"line":186,"column":19}},"186":{"start":{"line":187,"column":0},"end":{"line":187,"column":25}},"187":{"start":{"line":188,"column":0},"end":{"line":188,"column":67}},"188":{"start":{"line":189,"column":0},"end":{"line":189,"column":3}},"189":{"start":{"line":190,"column":0},"end":{"line":190,"column":3}},"190":{"start":{"line":191,"column":0},"end":{"line":191,"column":0}},"191":{"start":{"line":192,"column":0},"end":{"line":192,"column":54}},"192":{"start":{"line":193,"column":0},"end":{"line":193,"column":7}},"193":{"start":{"line":194,"column":0},"end":{"line":194,"column":97}},"194":{"start":{"line":195,"column":0},"end":{"line":195,"column":23}},"195":{"start":{"line":196,"column":0},"end":{"line":196,"column":7}},"196":{"start":{"line":197,"column":0},"end":{"line":197,"column":41}},"197":{"start":{"line":198,"column":0},"end":{"line":198,"column":21}},"198":{"start":{"line":199,"column":0},"end":{"line":199,"column":19}},"199":{"start":{"line":200,"column":0},"end":{"line":200,"column":25}},"200":{"start":{"line":201,"column":0},"end":{"line":201,"column":67}},"201":{"start":{"line":202,"column":0},"end":{"line":202,"column":3}},"202":{"start":{"line":203,"column":0},"end":{"line":203,"column":3}},"203":{"start":{"line":204,"column":0},"end":{"line":204,"column":0}},"204":{"start":{"line":205,"column":0},"end":{"line":205,"column":0}},"205":{"start":{"line":206,"column":0},"end":{"line":206,"column":24}},"206":{"start":{"line":207,"column":0},"end":{"line":207,"column":0}},"207":{"start":{"line":208,"column":0},"end":{"line":208,"column":41}},"208":{"start":{"line":209,"column":0},"end":{"line":209,"column":41}},"209":{"start":{"line":210,"column":0},"end":{"line":210,"column":0}},"210":{"start":{"line":211,"column":0},"end":{"line":211,"column":38}},"211":{"start":{"line":212,"column":0},"end":{"line":212,"column":22}},"212":{"start":{"line":213,"column":0},"end":{"line":213,"column":7}},"213":{"start":{"line":214,"column":0},"end":{"line":214,"column":9}},"214":{"start":{"line":215,"column":0},"end":{"line":215,"column":7}},"215":{"start":{"line":216,"column":0},"end":{"line":216,"column":12}},"216":{"start":{"line":217,"column":0},"end":{"line":217,"column":40}},"217":{"start":{"line":218,"column":0},"end":{"line":218,"column":4}},"218":{"start":{"line":219,"column":0},"end":{"line":219,"column":33}},"219":{"start":{"line":220,"column":0},"end":{"line":220,"column":0}},"220":{"start":{"line":221,"column":0},"end":{"line":221,"column":35}},"221":{"start":{"line":222,"column":0},"end":{"line":222,"column":3}},"222":{"start":{"line":223,"column":0},"end":{"line":223,"column":0}},"223":{"start":{"line":224,"column":0},"end":{"line":224,"column":40}},"224":{"start":{"line":225,"column":0},"end":{"line":225,"column":35}},"225":{"start":{"line":226,"column":0},"end":{"line":226,"column":0}},"226":{"start":{"line":227,"column":0},"end":{"line":227,"column":44}},"227":{"start":{"line":228,"column":0},"end":{"line":228,"column":57}},"228":{"start":{"line":229,"column":0},"end":{"line":229,"column":4}},"229":{"start":{"line":230,"column":0},"end":{"line":230,"column":0}},"230":{"start":{"line":231,"column":0},"end":{"line":231,"column":25}},"231":{"start":{"line":232,"column":0},"end":{"line":232,"column":3}},"232":{"start":{"line":233,"column":0},"end":{"line":233,"column":0}},"233":{"start":{"line":234,"column":0},"end":{"line":234,"column":0}},"234":{"start":{"line":235,"column":0},"end":{"line":235,"column":0}},"235":{"start":{"line":236,"column":0},"end":{"line":236,"column":47}}},"s":{"0":1,"1":1,"2":1,"3":1,"4":1,"5":1,"6":1,"7":1,"8":1,"9":1,"10":1,"11":1,"12":1,"13":1,"14":1,"15":1,"16":1,"17":1,"18":1,"19":1,"20":1,"21":1,"22":1,"23":1,"24":1,"25":1,"26":1,"27":1,"28":1,"29":1,"30":1,"31":1,"32":1,"33":1,"34":1,"35":1,"36":1,"37":1,"38":1,"39":1,"40":1,"41":1,"42":1,"43":1,"44":1,"45":1,"46":1,"47":1,"48":1,"49":1,"50":1,"51":1,"52":1,"53":1,"54":1,"55":2,"56":2,"57":2,"58":2,"59":2,"60":1,"61":1,"62":1,"63":1,"64":1,"65":1,"66":1,"67":1,"68":1,"69":1,"70":1,"71":1,"72":1,"73":1,"74":0,"75":0,"76":1,"77":1,"78":1,"79":1,"80":1,"81":1,"82":1,"83":2,"84":2,"85":2,"86":2,"87":1,"88":1,"89":1,"90":1,"91":1,"92":1,"93":1,"94":1,"95":1,"96":1,"97":3,"98":3,"99":3,"100":3,"101":1,"102":1,"103":3,"104":1,"105":1,"106":1,"107":1,"108":1,"109":1,"110":1,"111":1,"112":1,"113":1,"114":1,"115":2,"116":2,"117":2,"118":2,"119":2,"120":1,"121":1,"122":1,"123":1,"124":1,"125":1,"126":1,"127":0,"128":0,"129":1,"130":1,"131":1,"132":1,"133":1,"134":1,"135":1,"136":2,"137":2,"138":2,"139":2,"140":1,"141":1,"142":1,"143":1,"144":1,"145":1,"146":1,"147":1,"148":1,"149":1,"150":1,"151":0,"152":0,"153":0,"154":0,"155":0,"156":0,"157":0,"158":1,"159":1,"160":1,"161":1,"162":0,"163":0,"164":0,"165":0,"166":0,"167":0,"168":0,"169":0,"170":0,"171":0,"172":0,"173":1,"174":1,"175":1,"176":1,"177":0,"178":0,"179":0,"180":0,"181":0,"182":0,"183":0,"184":0,"185":0,"186":0,"187":0,"188":1,"189":1,"190":1,"191":1,"192":0,"193":0,"194":0,"195":0,"196":0,"197":0,"198":0,"199":0,"200":0,"201":1,"202":1,"203":1,"204":1,"205":1,"206":1,"207":1,"208":1,"209":1,"210":1,"211":1,"212":1,"213":1,"214":1,"215":1,"216":1,"217":1,"218":1,"219":1,"220":1,"221":1,"222":1,"223":1,"224":1,"225":1,"226":1,"227":1,"228":1,"229":1,"230":1,"231":1,"232":1,"233":1,"234":1,"235":1},"branchMap":{"0":{"type":"branch","line":21,"loc":{"start":{"line":21,"column":-2},"end":{"line":22,"column":37}},"locations":[{"start":{"line":21,"column":-2},"end":{"line":22,"column":37}}]},"1":{"type":"branch","line":22,"loc":{"start":{"line":22,"column":36},"end":{"line":36,"column":1}},"locations":[{"start":{"line":22,"column":36},"end":{"line":36,"column":1}}]},"2":{"type":"branch","line":22,"loc":{"start":{"line":22,"column":0},"end":{"line":35,"column":42}},"locations":[{"start":{"line":22,"column":0},"end":{"line":35,"column":42}}]},"3":{"type":"branch","line":22,"loc":{"start":{"line":22,"column":49},"end":{"line":35,"column":42}},"locations":[{"start":{"line":22,"column":49},"end":{"line":35,"column":42}}]},"4":{"type":"branch","line":22,"loc":{"start":{"line":22,"column":49},"end":{"line":35,"column":42}},"locations":[{"start":{"line":22,"column":49},"end":{"line":35,"column":42}}]},"5":{"type":"branch","line":35,"loc":{"start":{"line":35,"column":41},"end":{"line":35,"column":42}},"locations":[{"start":{"line":35,"column":41},"end":{"line":35,"column":42}}]},"6":{"type":"branch","line":35,"loc":{"start":{"line":35,"column":41},"end":{"line":35,"column":42}},"locations":[{"start":{"line":35,"column":41},"end":{"line":35,"column":42}}]},"7":{"type":"branch","line":37,"loc":{"start":{"line":37,"column":-2},"end":{"line":38,"column":30}},"locations":[{"start":{"line":37,"column":-2},"end":{"line":38,"column":30}}]},"8":{"type":"branch","line":38,"loc":{"start":{"line":38,"column":29},"end":{"line":52,"column":1}},"locations":[{"start":{"line":38,"column":29},"end":{"line":52,"column":1}}]},"9":{"type":"branch","line":38,"loc":{"start":{"line":38,"column":0},"end":{"line":51,"column":42}},"locations":[{"start":{"line":38,"column":0},"end":{"line":51,"column":42}}]},"10":{"type":"branch","line":38,"loc":{"start":{"line":38,"column":42},"end":{"line":51,"column":42}},"locations":[{"start":{"line":38,"column":42},"end":{"line":51,"column":42}}]},"11":{"type":"branch","line":38,"loc":{"start":{"line":38,"column":42},"end":{"line":51,"column":42}},"locations":[{"start":{"line":38,"column":42},"end":{"line":51,"column":42}}]},"12":{"type":"branch","line":51,"loc":{"start":{"line":51,"column":41},"end":{"line":51,"column":42}},"locations":[{"start":{"line":51,"column":41},"end":{"line":51,"column":42}}]},"13":{"type":"branch","line":51,"loc":{"start":{"line":51,"column":41},"end":{"line":51,"column":42}},"locations":[{"start":{"line":51,"column":41},"end":{"line":51,"column":42}}]},"14":{"type":"branch","line":55,"loc":{"start":{"line":55,"column":24},"end":{"line":81,"column":2}},"locations":[{"start":{"line":55,"column":24},"end":{"line":81,"column":2}}]},"15":{"type":"branch","line":55,"loc":{"start":{"line":55,"column":26},"end":{"line":79,"column":70}},"locations":[{"start":{"line":55,"column":26},"end":{"line":79,"column":70}}]},"16":{"type":"branch","line":55,"loc":{"start":{"line":55,"column":41},"end":{"line":79,"column":70}},"locations":[{"start":{"line":55,"column":41},"end":{"line":79,"column":70}}]},"17":{"type":"branch","line":55,"loc":{"start":{"line":55,"column":41},"end":{"line":79,"column":70}},"locations":[{"start":{"line":55,"column":41},"end":{"line":79,"column":70}}]},"18":{"type":"branch","line":55,"loc":{"start":{"line":55,"column":41},"end":{"line":61,"column":71}},"locations":[{"start":{"line":55,"column":41},"end":{"line":61,"column":71}}]},"19":{"type":"branch","line":60,"loc":{"start":{"line":60,"column":20},"end":{"line":61,"column":71}},"locations":[{"start":{"line":60,"column":20},"end":{"line":61,"column":71}}]},"20":{"type":"branch","line":61,"loc":{"start":{"line":61,"column":70},"end":{"line":74,"column":52}},"locations":[{"start":{"line":61,"column":70},"end":{"line":74,"column":52}}]},"21":{"type":"branch","line":74,"loc":{"start":{"line":74,"column":51},"end":{"line":76,"column":93}},"locations":[{"start":{"line":74,"column":51},"end":{"line":76,"column":93}}]},"22":{"type":"branch","line":76,"loc":{"start":{"line":76,"column":92},"end":{"line":79,"column":70}},"locations":[{"start":{"line":76,"column":92},"end":{"line":79,"column":70}}]},"23":{"type":"branch","line":79,"loc":{"start":{"line":79,"column":69},"end":{"line":79,"column":70}},"locations":[{"start":{"line":79,"column":69},"end":{"line":79,"column":70}}]},"24":{"type":"branch","line":79,"loc":{"start":{"line":79,"column":69},"end":{"line":79,"column":70}},"locations":[{"start":{"line":79,"column":69},"end":{"line":79,"column":70}}]},"25":{"type":"branch","line":59,"loc":{"start":{"line":59,"column":36},"end":{"line":59,"column":59}},"locations":[{"start":{"line":59,"column":36},"end":{"line":59,"column":59}}]},"26":{"type":"branch","line":81,"loc":{"start":{"line":81,"column":1},"end":{"line":81,"column":2}},"locations":[{"start":{"line":81,"column":1},"end":{"line":81,"column":2}}]},"27":{"type":"branch","line":83,"loc":{"start":{"line":83,"column":23},"end":{"line":95,"column":2}},"locations":[{"start":{"line":83,"column":23},"end":{"line":95,"column":2}}]},"28":{"type":"branch","line":87,"loc":{"start":{"line":87,"column":13},"end":{"line":95,"column":2}},"locations":[{"start":{"line":87,"column":13},"end":{"line":95,"column":2}}]},"29":{"type":"branch","line":86,"loc":{"start":{"line":86,"column":26},"end":{"line":86,"column":76}},"locations":[{"start":{"line":86,"column":26},"end":{"line":86,"column":76}}]},"30":{"type":"branch","line":97,"loc":{"start":{"line":97,"column":23},"end":{"line":113,"column":2}},"locations":[{"start":{"line":97,"column":23},"end":{"line":113,"column":2}}]},"31":{"type":"branch","line":101,"loc":{"start":{"line":101,"column":13},"end":{"line":103,"column":3}},"locations":[{"start":{"line":101,"column":13},"end":{"line":103,"column":3}}]},"32":{"type":"branch","line":103,"loc":{"start":{"line":103,"column":2},"end":{"line":104,"column":22}},"locations":[{"start":{"line":103,"column":2},"end":{"line":104,"column":22}}]},"33":{"type":"branch","line":104,"loc":{"start":{"line":104,"column":22},"end":{"line":113,"column":2}},"locations":[{"start":{"line":104,"column":22},"end":{"line":113,"column":2}}]},"34":{"type":"branch","line":99,"loc":{"start":{"line":99,"column":26},"end":{"line":99,"column":76}},"locations":[{"start":{"line":99,"column":26},"end":{"line":99,"column":76}}]},"35":{"type":"branch","line":115,"loc":{"start":{"line":115,"column":31},"end":{"line":134,"column":2}},"locations":[{"start":{"line":115,"column":31},"end":{"line":134,"column":2}}]},"36":{"type":"branch","line":115,"loc":{"start":{"line":115,"column":33},"end":{"line":132,"column":70}},"locations":[{"start":{"line":115,"column":33},"end":{"line":132,"column":70}}]},"37":{"type":"branch","line":115,"loc":{"start":{"line":115,"column":48},"end":{"line":132,"column":70}},"locations":[{"start":{"line":115,"column":48},"end":{"line":132,"column":70}}]},"38":{"type":"branch","line":115,"loc":{"start":{"line":115,"column":48},"end":{"line":132,"column":70}},"locations":[{"start":{"line":115,"column":48},"end":{"line":132,"column":70}}]},"39":{"type":"branch","line":115,"loc":{"start":{"line":115,"column":48},"end":{"line":121,"column":74}},"locations":[{"start":{"line":115,"column":48},"end":{"line":121,"column":74}}]},"40":{"type":"branch","line":120,"loc":{"start":{"line":120,"column":13},"end":{"line":121,"column":74}},"locations":[{"start":{"line":120,"column":13},"end":{"line":121,"column":74}}]},"41":{"type":"branch","line":121,"loc":{"start":{"line":121,"column":73},"end":{"line":127,"column":44}},"locations":[{"start":{"line":121,"column":73},"end":{"line":127,"column":44}}]},"42":{"type":"branch","line":127,"loc":{"start":{"line":127,"column":43},"end":{"line":129,"column":62}},"locations":[{"start":{"line":127,"column":43},"end":{"line":129,"column":62}}]},"43":{"type":"branch","line":129,"loc":{"start":{"line":129,"column":61},"end":{"line":132,"column":70}},"locations":[{"start":{"line":129,"column":61},"end":{"line":132,"column":70}}]},"44":{"type":"branch","line":132,"loc":{"start":{"line":132,"column":69},"end":{"line":132,"column":70}},"locations":[{"start":{"line":132,"column":69},"end":{"line":132,"column":70}}]},"45":{"type":"branch","line":132,"loc":{"start":{"line":132,"column":69},"end":{"line":132,"column":70}},"locations":[{"start":{"line":132,"column":69},"end":{"line":132,"column":70}}]},"46":{"type":"branch","line":118,"loc":{"start":{"line":118,"column":28},"end":{"line":118,"column":51}},"locations":[{"start":{"line":118,"column":28},"end":{"line":118,"column":51}}]},"47":{"type":"branch","line":134,"loc":{"start":{"line":134,"column":1},"end":{"line":134,"column":2}},"locations":[{"start":{"line":134,"column":1},"end":{"line":134,"column":2}}]},"48":{"type":"branch","line":136,"loc":{"start":{"line":136,"column":32},"end":{"line":148,"column":2}},"locations":[{"start":{"line":136,"column":32},"end":{"line":148,"column":2}}]},"49":{"type":"branch","line":140,"loc":{"start":{"line":140,"column":13},"end":{"line":148,"column":2}},"locations":[{"start":{"line":140,"column":13},"end":{"line":148,"column":2}}]},"50":{"type":"branch","line":138,"loc":{"start":{"line":138,"column":26},"end":{"line":138,"column":75}},"locations":[{"start":{"line":138,"column":26},"end":{"line":138,"column":75}}]},"51":{"type":"branch","line":151,"loc":{"start":{"line":151,"column":24},"end":{"line":160,"column":2}},"locations":[{"start":{"line":151,"column":24},"end":{"line":160,"column":2}}]},"52":{"type":"branch","line":162,"loc":{"start":{"line":162,"column":25},"end":{"line":175,"column":2}},"locations":[{"start":{"line":162,"column":25},"end":{"line":175,"column":2}}]},"53":{"type":"branch","line":177,"loc":{"start":{"line":177,"column":28},"end":{"line":190,"column":2}},"locations":[{"start":{"line":177,"column":28},"end":{"line":190,"column":2}}]},"54":{"type":"branch","line":192,"loc":{"start":{"line":192,"column":31},"end":{"line":203,"column":2}},"locations":[{"start":{"line":192,"column":31},"end":{"line":203,"column":2}}]},"55":{"type":"branch","line":208,"loc":{"start":{"line":208,"column":26},"end":{"line":222,"column":2}},"locations":[{"start":{"line":208,"column":26},"end":{"line":222,"column":2}}]},"56":{"type":"branch","line":224,"loc":{"start":{"line":224,"column":25},"end":{"line":232,"column":2}},"locations":[{"start":{"line":224,"column":25},"end":{"line":232,"column":2}}]},"57":{"type":"branch","line":228,"loc":{"start":{"line":228,"column":4},"end":{"line":228,"column":57}},"locations":[{"start":{"line":228,"column":4},"end":{"line":228,"column":57}}]},"58":{"type":"branch","line":228,"loc":{"start":{"line":228,"column":33},"end":{"line":228,"column":57}},"locations":[{"start":{"line":228,"column":33},"end":{"line":228,"column":57}}]}},"b":{"0":[1],"1":[1],"2":[1],"3":[2],"4":[1],"5":[0],"6":[1],"7":[1],"8":[1],"9":[1],"10":[2],"11":[1],"12":[0],"13":[1],"14":[1],"15":[2],"16":[5],"17":[6],"18":[2],"19":[1],"20":[1],"21":[0],"22":[1],"23":[0],"24":[2],"25":[1],"26":[2],"27":[2],"28":[1],"29":[1],"30":[3],"31":[1],"32":[2],"33":[1],"34":[2],"35":[1],"36":[2],"37":[5],"38":[6],"39":[2],"40":[1],"41":[1],"42":[0],"43":[1],"44":[0],"45":[2],"46":[1],"47":[2],"48":[2],"49":[1],"50":[2],"51":[1],"52":[1],"53":[1],"54":[1],"55":[1],"56":[1],"57":[2],"58":[1]},"fnMap":{"0":{"name":"sendVerificationEmail","decl":{"start":{"line":21,"column":-2},"end":{"line":22,"column":37}},"loc":{"start":{"line":21,"column":-2},"end":{"line":22,"column":37}},"line":21},"1":{"name":"_sendVerificationEmail","decl":{"start":{"line":22,"column":36},"end":{"line":36,"column":1}},"loc":{"start":{"line":22,"column":36},"end":{"line":36,"column":1}},"line":22},"2":{"name":"_callee7","decl":{"start":{"line":22,"column":0},"end":{"line":35,"column":42}},"loc":{"start":{"line":22,"column":0},"end":{"line":35,"column":42}},"line":22},"3":{"name":"_callee7$","decl":{"start":{"line":22,"column":49},"end":{"line":35,"column":42}},"loc":{"start":{"line":22,"column":49},"end":{"line":35,"column":42}},"line":22},"4":{"name":"sendResetEmail","decl":{"start":{"line":37,"column":-2},"end":{"line":38,"column":30}},"loc":{"start":{"line":37,"column":-2},"end":{"line":38,"column":30}},"line":37},"5":{"name":"_sendResetEmail","decl":{"start":{"line":38,"column":29},"end":{"line":52,"column":1}},"loc":{"start":{"line":38,"column":29},"end":{"line":52,"column":1}},"line":38},"6":{"name":"_callee8","decl":{"start":{"line":38,"column":0},"end":{"line":51,"column":42}},"loc":{"start":{"line":38,"column":0},"end":{"line":51,"column":42}},"line":38},"7":{"name":"_callee8$","decl":{"start":{"line":38,"column":42},"end":{"line":51,"column":42}},"loc":{"start":{"line":38,"column":42},"end":{"line":51,"column":42}},"line":38},"8":{"name":"_callee","decl":{"start":{"line":55,"column":26},"end":{"line":79,"column":70}},"loc":{"start":{"line":55,"column":26},"end":{"line":79,"column":70}},"line":55},"9":{"name":"_callee$","decl":{"start":{"line":55,"column":41},"end":{"line":79,"column":70}},"loc":{"start":{"line":55,"column":41},"end":{"line":79,"column":70}},"line":55},"10":{"name":"_callee2","decl":{"start":{"line":115,"column":33},"end":{"line":132,"column":70}},"loc":{"start":{"line":115,"column":33},"end":{"line":132,"column":70}},"line":115},"11":{"name":"_callee2$","decl":{"start":{"line":115,"column":48},"end":{"line":132,"column":70}},"loc":{"start":{"line":115,"column":48},"end":{"line":132,"column":70}},"line":115},"12":{"name":"_callee3","decl":{"start":{"line":151,"column":26},"end":{"line":158,"column":67}},"loc":{"start":{"line":151,"column":26},"end":{"line":158,"column":67}},"line":151},"13":{"name":"_callee4","decl":{"start":{"line":162,"column":27},"end":{"line":173,"column":67}},"loc":{"start":{"line":162,"column":27},"end":{"line":173,"column":67}},"line":162},"14":{"name":"_callee5","decl":{"start":{"line":177,"column":30},"end":{"line":188,"column":67}},"loc":{"start":{"line":177,"column":30},"end":{"line":188,"column":67}},"line":177},"15":{"name":"_callee6","decl":{"start":{"line":192,"column":33},"end":{"line":201,"column":67}},"loc":{"start":{"line":192,"column":33},"end":{"line":201,"column":67}},"line":192}},"f":{"0":1,"1":1,"2":1,"3":2,"4":1,"5":1,"6":1,"7":2,"8":2,"9":5,"10":2,"11":5,"12":0,"13":0,"14":0,"15":0}}
}
