{"C:\\DEV\\Internship\\messaging_system\\server.js": {"path":"C:\\DEV\\Internship\\messaging_system\\server.js","all":false,"statementMap":{"0":{"start":{"line":1,"column":0},"end":{"line":1,"column":27}},"1":{"start":{"line":2,"column":0},"end":{"line":2,"column":35}},"2":{"start":{"line":3,"column":0},"end":{"line":3,"column":29}},"3":{"start":{"line":4,"column":0},"end":{"line":4,"column":41}},"4":{"start":{"line":5,"column":0},"end":{"line":5,"column":33}},"5":{"start":{"line":6,"column":0},"end":{"line":6,"column":34}},"6":{"start":{"line":7,"column":0},"end":{"line":7,"column":29}},"7":{"start":{"line":8,"column":0},"end":{"line":8,"column":0}},"8":{"start":{"line":9,"column":0},"end":{"line":9,"column":22}},"9":{"start":{"line":10,"column":0},"end":{"line":10,"column":16}},"10":{"start":{"line":11,"column":0},"end":{"line":11,"column":24}},"11":{"start":{"line":12,"column":0},"end":{"line":12,"column":0}},"12":{"start":{"line":13,"column":0},"end":{"line":13,"column":47}},"13":{"start":{"line":14,"column":0},"end":{"line":14,"column":0}},"14":{"start":{"line":15,"column":0},"end":{"line":15,"column":25}},"15":{"start":{"line":16,"column":0},"end":{"line":16,"column":50}},"16":{"start":{"line":17,"column":0},"end":{"line":17,"column":26}},"17":{"start":{"line":18,"column":0},"end":{"line":18,"column":1}},"18":{"start":{"line":19,"column":0},"end":{"line":19,"column":0}},"19":{"start":{"line":20,"column":0},"end":{"line":20,"column":30}},"20":{"start":{"line":21,"column":0},"end":{"line":21,"column":69}},"21":{"start":{"line":22,"column":0},"end":{"line":22,"column":1}},"22":{"start":{"line":23,"column":0},"end":{"line":23,"column":0}},"23":{"start":{"line":24,"column":0},"end":{"line":24,"column":48}},"24":{"start":{"line":25,"column":0},"end":{"line":25,"column":19}},"25":{"start":{"line":26,"column":0},"end":{"line":26,"column":9}},"26":{"start":{"line":27,"column":0},"end":{"line":27,"column":33}},"27":{"start":{"line":28,"column":0},"end":{"line":28,"column":33}},"28":{"start":{"line":29,"column":0},"end":{"line":29,"column":4}},"29":{"start":{"line":30,"column":0},"end":{"line":30,"column":3}},"30":{"start":{"line":31,"column":0},"end":{"line":31,"column":0}},"31":{"start":{"line":32,"column":0},"end":{"line":32,"column":52}},"32":{"start":{"line":33,"column":0},"end":{"line":33,"column":86}},"33":{"start":{"line":34,"column":0},"end":{"line":34,"column":23}},"34":{"start":{"line":35,"column":0},"end":{"line":35,"column":33}},"35":{"start":{"line":36,"column":0},"end":{"line":36,"column":14}},"36":{"start":{"line":37,"column":0},"end":{"line":37,"column":42}},"37":{"start":{"line":38,"column":0},"end":{"line":38,"column":11}},"38":{"start":{"line":39,"column":0},"end":{"line":39,"column":35}},"39":{"start":{"line":40,"column":0},"end":{"line":40,"column":57}},"40":{"start":{"line":41,"column":0},"end":{"line":41,"column":51}},"41":{"start":{"line":42,"column":0},"end":{"line":42,"column":6}},"42":{"start":{"line":43,"column":0},"end":{"line":43,"column":4}},"43":{"start":{"line":44,"column":0},"end":{"line":44,"column":42}},"44":{"start":{"line":45,"column":0},"end":{"line":45,"column":1}},"45":{"start":{"line":46,"column":0},"end":{"line":46,"column":0}},"46":{"start":{"line":47,"column":0},"end":{"line":47,"column":45}},"47":{"start":{"line":48,"column":0},"end":{"line":48,"column":98}},"48":{"start":{"line":49,"column":0},"end":{"line":49,"column":23}},"49":{"start":{"line":50,"column":0},"end":{"line":50,"column":33}},"50":{"start":{"line":51,"column":0},"end":{"line":51,"column":14}},"51":{"start":{"line":52,"column":0},"end":{"line":52,"column":30}},"52":{"start":{"line":53,"column":0},"end":{"line":53,"column":11}},"53":{"start":{"line":54,"column":0},"end":{"line":54,"column":29}},"54":{"start":{"line":55,"column":0},"end":{"line":55,"column":57}},"55":{"start":{"line":56,"column":0},"end":{"line":56,"column":47}},"56":{"start":{"line":57,"column":0},"end":{"line":57,"column":6}},"57":{"start":{"line":58,"column":0},"end":{"line":58,"column":4}},"58":{"start":{"line":59,"column":0},"end":{"line":59,"column":42}},"59":{"start":{"line":60,"column":0},"end":{"line":60,"column":1}},"60":{"start":{"line":61,"column":0},"end":{"line":61,"column":0}},"61":{"start":{"line":62,"column":0},"end":{"line":62,"column":47}},"62":{"start":{"line":63,"column":0},"end":{"line":63,"column":7}},"63":{"start":{"line":64,"column":0},"end":{"line":64,"column":47}},"64":{"start":{"line":65,"column":0},"end":{"line":65,"column":30}},"65":{"start":{"line":66,"column":0},"end":{"line":66,"column":0}},"66":{"start":{"line":67,"column":0},"end":{"line":67,"column":65}},"67":{"start":{"line":68,"column":0},"end":{"line":68,"column":23}},"68":{"start":{"line":69,"column":0},"end":{"line":69,"column":71}},"69":{"start":{"line":70,"column":0},"end":{"line":70,"column":5}},"70":{"start":{"line":71,"column":0},"end":{"line":71,"column":0}},"71":{"start":{"line":72,"column":0},"end":{"line":72,"column":63}},"72":{"start":{"line":73,"column":0},"end":{"line":73,"column":0}},"73":{"start":{"line":74,"column":0},"end":{"line":74,"column":21}},"74":{"start":{"line":75,"column":0},"end":{"line":75,"column":12}},"75":{"start":{"line":76,"column":0},"end":{"line":76,"column":15}},"76":{"start":{"line":77,"column":0},"end":{"line":77,"column":11}},"77":{"start":{"line":78,"column":0},"end":{"line":78,"column":22}},"78":{"start":{"line":79,"column":0},"end":{"line":79,"column":18}},"79":{"start":{"line":80,"column":0},"end":{"line":80,"column":6}},"80":{"start":{"line":81,"column":0},"end":{"line":81,"column":0}},"81":{"start":{"line":82,"column":0},"end":{"line":82,"column":9}},"82":{"start":{"line":83,"column":0},"end":{"line":83,"column":54}},"83":{"start":{"line":84,"column":0},"end":{"line":84,"column":0}},"84":{"start":{"line":85,"column":0},"end":{"line":85,"column":29}},"85":{"start":{"line":86,"column":0},"end":{"line":86,"column":0}},"86":{"start":{"line":87,"column":0},"end":{"line":87,"column":32}},"87":{"start":{"line":88,"column":0},"end":{"line":88,"column":27}},"88":{"start":{"line":89,"column":0},"end":{"line":89,"column":38}},"89":{"start":{"line":90,"column":0},"end":{"line":90,"column":16}},"90":{"start":{"line":91,"column":0},"end":{"line":91,"column":19}},"91":{"start":{"line":92,"column":0},"end":{"line":92,"column":25}},"92":{"start":{"line":93,"column":0},"end":{"line":93,"column":23}},"93":{"start":{"line":94,"column":0},"end":{"line":94,"column":21}},"94":{"start":{"line":95,"column":0},"end":{"line":95,"column":11}},"95":{"start":{"line":96,"column":0},"end":{"line":96,"column":38}},"96":{"start":{"line":97,"column":0},"end":{"line":97,"column":26}},"97":{"start":{"line":98,"column":0},"end":{"line":98,"column":37}},"98":{"start":{"line":99,"column":0},"end":{"line":99,"column":16}},"99":{"start":{"line":100,"column":0},"end":{"line":100,"column":11}},"100":{"start":{"line":101,"column":0},"end":{"line":101,"column":36}},"101":{"start":{"line":102,"column":0},"end":{"line":102,"column":24}},"102":{"start":{"line":103,"column":0},"end":{"line":103,"column":35}},"103":{"start":{"line":104,"column":0},"end":{"line":104,"column":16}},"104":{"start":{"line":105,"column":0},"end":{"line":105,"column":11}},"105":{"start":{"line":106,"column":0},"end":{"line":106,"column":7}},"106":{"start":{"line":107,"column":0},"end":{"line":107,"column":0}},"107":{"start":{"line":108,"column":0},"end":{"line":108,"column":24}},"108":{"start":{"line":109,"column":0},"end":{"line":109,"column":0}},"109":{"start":{"line":110,"column":0},"end":{"line":110,"column":16}},"110":{"start":{"line":111,"column":0},"end":{"line":111,"column":20}},"111":{"start":{"line":112,"column":0},"end":{"line":112,"column":75}},"112":{"start":{"line":113,"column":0},"end":{"line":113,"column":26}},"113":{"start":{"line":114,"column":0},"end":{"line":114,"column":70}},"114":{"start":{"line":115,"column":0},"end":{"line":115,"column":109}},"115":{"start":{"line":116,"column":0},"end":{"line":116,"column":5}},"116":{"start":{"line":117,"column":0},"end":{"line":117,"column":19}},"117":{"start":{"line":118,"column":0},"end":{"line":118,"column":25}},"118":{"start":{"line":119,"column":0},"end":{"line":119,"column":70}},"119":{"start":{"line":120,"column":0},"end":{"line":120,"column":3}},"120":{"start":{"line":121,"column":0},"end":{"line":121,"column":3}},"121":{"start":{"line":122,"column":0},"end":{"line":122,"column":0}},"122":{"start":{"line":123,"column":0},"end":{"line":123,"column":0}},"123":{"start":{"line":124,"column":0},"end":{"line":124,"column":44}},"124":{"start":{"line":125,"column":0},"end":{"line":125,"column":37}},"125":{"start":{"line":126,"column":0},"end":{"line":126,"column":0}},"126":{"start":{"line":127,"column":0},"end":{"line":127,"column":28}},"127":{"start":{"line":128,"column":0},"end":{"line":128,"column":29}},"128":{"start":{"line":129,"column":0},"end":{"line":129,"column":55}},"129":{"start":{"line":130,"column":0},"end":{"line":130,"column":4}},"130":{"start":{"line":131,"column":0},"end":{"line":131,"column":14}},"131":{"start":{"line":132,"column":0},"end":{"line":132,"column":61}},"132":{"start":{"line":133,"column":0},"end":{"line":133,"column":3}},"133":{"start":{"line":134,"column":0},"end":{"line":134,"column":0}},"134":{"start":{"line":135,"column":0},"end":{"line":135,"column":23}},"135":{"start":{"line":136,"column":0},"end":{"line":136,"column":26}},"136":{"start":{"line":137,"column":0},"end":{"line":137,"column":20}},"137":{"start":{"line":138,"column":0},"end":{"line":138,"column":0}},"138":{"start":{"line":139,"column":0},"end":{"line":139,"column":57}},"139":{"start":{"line":140,"column":0},"end":{"line":140,"column":3}},"140":{"start":{"line":141,"column":0},"end":{"line":141,"column":0}},"141":{"start":{"line":142,"column":0},"end":{"line":142,"column":44}},"142":{"start":{"line":143,"column":0},"end":{"line":143,"column":39}},"143":{"start":{"line":144,"column":0},"end":{"line":144,"column":28}},"144":{"start":{"line":145,"column":0},"end":{"line":145,"column":0}},"145":{"start":{"line":146,"column":0},"end":{"line":146,"column":29}},"146":{"start":{"line":147,"column":0},"end":{"line":147,"column":55}},"147":{"start":{"line":148,"column":0},"end":{"line":148,"column":4}},"148":{"start":{"line":149,"column":0},"end":{"line":149,"column":14}},"149":{"start":{"line":150,"column":0},"end":{"line":150,"column":68}},"150":{"start":{"line":151,"column":0},"end":{"line":151,"column":3}},"151":{"start":{"line":152,"column":0},"end":{"line":152,"column":23}},"152":{"start":{"line":153,"column":0},"end":{"line":153,"column":14}},"153":{"start":{"line":154,"column":0},"end":{"line":154,"column":18}},"154":{"start":{"line":155,"column":0},"end":{"line":155,"column":75}},"155":{"start":{"line":156,"column":0},"end":{"line":156,"column":3}},"156":{"start":{"line":157,"column":0},"end":{"line":157,"column":0}},"157":{"start":{"line":158,"column":0},"end":{"line":158,"column":19}},"158":{"start":{"line":159,"column":0},"end":{"line":159,"column":32}},"159":{"start":{"line":160,"column":0},"end":{"line":160,"column":22}},"160":{"start":{"line":161,"column":0},"end":{"line":161,"column":20}},"161":{"start":{"line":162,"column":0},"end":{"line":162,"column":5}},"162":{"start":{"line":163,"column":0},"end":{"line":163,"column":3}},"163":{"start":{"line":164,"column":0},"end":{"line":164,"column":0}},"164":{"start":{"line":165,"column":0},"end":{"line":165,"column":47}},"165":{"start":{"line":166,"column":0},"end":{"line":166,"column":7}},"166":{"start":{"line":167,"column":0},"end":{"line":167,"column":30}},"167":{"start":{"line":168,"column":0},"end":{"line":168,"column":27}},"168":{"start":{"line":169,"column":0},"end":{"line":169,"column":19}},"169":{"start":{"line":170,"column":0},"end":{"line":170,"column":25}},"170":{"start":{"line":171,"column":0},"end":{"line":171,"column":67}},"171":{"start":{"line":172,"column":0},"end":{"line":172,"column":3}},"172":{"start":{"line":173,"column":0},"end":{"line":173,"column":3}},"173":{"start":{"line":174,"column":0},"end":{"line":174,"column":0}},"174":{"start":{"line":175,"column":0},"end":{"line":175,"column":48}},"175":{"start":{"line":176,"column":0},"end":{"line":176,"column":7}},"176":{"start":{"line":177,"column":0},"end":{"line":177,"column":67}},"177":{"start":{"line":178,"column":0},"end":{"line":178,"column":0}},"178":{"start":{"line":179,"column":0},"end":{"line":179,"column":30}},"179":{"start":{"line":180,"column":0},"end":{"line":180,"column":25}},"180":{"start":{"line":181,"column":0},"end":{"line":181,"column":34}},"181":{"start":{"line":182,"column":0},"end":{"line":182,"column":11}},"182":{"start":{"line":183,"column":0},"end":{"line":183,"column":12}},"183":{"start":{"line":184,"column":0},"end":{"line":184,"column":17}},"184":{"start":{"line":185,"column":0},"end":{"line":185,"column":15}},"185":{"start":{"line":186,"column":0},"end":{"line":186,"column":13}},"186":{"start":{"line":187,"column":0},"end":{"line":187,"column":6}},"187":{"start":{"line":188,"column":0},"end":{"line":188,"column":0}},"188":{"start":{"line":189,"column":0},"end":{"line":189,"column":35}},"189":{"start":{"line":190,"column":0},"end":{"line":190,"column":22}},"190":{"start":{"line":191,"column":0},"end":{"line":191,"column":0}},"191":{"start":{"line":192,"column":0},"end":{"line":192,"column":38}},"192":{"start":{"line":193,"column":0},"end":{"line":193,"column":19}},"193":{"start":{"line":194,"column":0},"end":{"line":194,"column":25}},"194":{"start":{"line":195,"column":0},"end":{"line":195,"column":67}},"195":{"start":{"line":196,"column":0},"end":{"line":196,"column":3}},"196":{"start":{"line":197,"column":0},"end":{"line":197,"column":3}},"197":{"start":{"line":198,"column":0},"end":{"line":198,"column":0}},"198":{"start":{"line":199,"column":0},"end":{"line":199,"column":51}},"199":{"start":{"line":200,"column":0},"end":{"line":200,"column":7}},"200":{"start":{"line":201,"column":0},"end":{"line":201,"column":30}},"201":{"start":{"line":202,"column":0},"end":{"line":202,"column":67}},"202":{"start":{"line":203,"column":0},"end":{"line":203,"column":0}},"203":{"start":{"line":204,"column":0},"end":{"line":204,"column":30}},"204":{"start":{"line":205,"column":0},"end":{"line":205,"column":73}},"205":{"start":{"line":206,"column":0},"end":{"line":206,"column":20}},"206":{"start":{"line":207,"column":0},"end":{"line":207,"column":69}},"207":{"start":{"line":208,"column":0},"end":{"line":208,"column":5}},"208":{"start":{"line":209,"column":0},"end":{"line":209,"column":0}},"209":{"start":{"line":210,"column":0},"end":{"line":210,"column":42}},"210":{"start":{"line":211,"column":0},"end":{"line":211,"column":45}},"211":{"start":{"line":212,"column":0},"end":{"line":212,"column":60}},"212":{"start":{"line":213,"column":0},"end":{"line":213,"column":54}},"213":{"start":{"line":214,"column":0},"end":{"line":214,"column":48}},"214":{"start":{"line":215,"column":0},"end":{"line":215,"column":0}},"215":{"start":{"line":216,"column":0},"end":{"line":216,"column":22}},"216":{"start":{"line":217,"column":0},"end":{"line":217,"column":0}},"217":{"start":{"line":218,"column":0},"end":{"line":218,"column":23}},"218":{"start":{"line":219,"column":0},"end":{"line":219,"column":19}},"219":{"start":{"line":220,"column":0},"end":{"line":220,"column":25}},"220":{"start":{"line":221,"column":0},"end":{"line":221,"column":67}},"221":{"start":{"line":222,"column":0},"end":{"line":222,"column":3}},"222":{"start":{"line":223,"column":0},"end":{"line":223,"column":3}},"223":{"start":{"line":224,"column":0},"end":{"line":224,"column":0}},"224":{"start":{"line":225,"column":0},"end":{"line":225,"column":54}},"225":{"start":{"line":226,"column":0},"end":{"line":226,"column":7}},"226":{"start":{"line":227,"column":0},"end":{"line":227,"column":30}},"227":{"start":{"line":228,"column":0},"end":{"line":228,"column":0}},"228":{"start":{"line":229,"column":0},"end":{"line":229,"column":30}},"229":{"start":{"line":230,"column":0},"end":{"line":230,"column":75}},"230":{"start":{"line":231,"column":0},"end":{"line":231,"column":23}},"231":{"start":{"line":232,"column":0},"end":{"line":232,"column":69}},"232":{"start":{"line":233,"column":0},"end":{"line":233,"column":5}},"233":{"start":{"line":234,"column":0},"end":{"line":234,"column":0}},"234":{"start":{"line":235,"column":0},"end":{"line":235,"column":34}},"235":{"start":{"line":236,"column":0},"end":{"line":236,"column":22}},"236":{"start":{"line":237,"column":0},"end":{"line":237,"column":0}},"237":{"start":{"line":238,"column":0},"end":{"line":238,"column":46}},"238":{"start":{"line":239,"column":0},"end":{"line":239,"column":19}},"239":{"start":{"line":240,"column":0},"end":{"line":240,"column":25}},"240":{"start":{"line":241,"column":0},"end":{"line":241,"column":67}},"241":{"start":{"line":242,"column":0},"end":{"line":242,"column":3}},"242":{"start":{"line":243,"column":0},"end":{"line":243,"column":3}},"243":{"start":{"line":244,"column":0},"end":{"line":244,"column":0}},"244":{"start":{"line":245,"column":0},"end":{"line":245,"column":47}},"245":{"start":{"line":246,"column":0},"end":{"line":246,"column":7}},"246":{"start":{"line":247,"column":0},"end":{"line":247,"column":43}},"247":{"start":{"line":248,"column":0},"end":{"line":248,"column":0}},"248":{"start":{"line":249,"column":0},"end":{"line":249,"column":30}},"249":{"start":{"line":250,"column":0},"end":{"line":250,"column":38}},"250":{"start":{"line":251,"column":0},"end":{"line":251,"column":0}},"251":{"start":{"line":252,"column":0},"end":{"line":252,"column":24}},"252":{"start":{"line":253,"column":0},"end":{"line":253,"column":9}},"253":{"start":{"line":254,"column":0},"end":{"line":254,"column":11}},"254":{"start":{"line":255,"column":0},"end":{"line":255,"column":9}},"255":{"start":{"line":256,"column":0},"end":{"line":256,"column":14}},"256":{"start":{"line":257,"column":0},"end":{"line":257,"column":42}},"257":{"start":{"line":258,"column":0},"end":{"line":258,"column":6}},"258":{"start":{"line":259,"column":0},"end":{"line":259,"column":0}},"259":{"start":{"line":260,"column":0},"end":{"line":260,"column":33}},"260":{"start":{"line":261,"column":0},"end":{"line":261,"column":22}},"261":{"start":{"line":262,"column":0},"end":{"line":262,"column":0}},"262":{"start":{"line":263,"column":0},"end":{"line":263,"column":37}},"263":{"start":{"line":264,"column":0},"end":{"line":264,"column":19}},"264":{"start":{"line":265,"column":0},"end":{"line":265,"column":25}},"265":{"start":{"line":266,"column":0},"end":{"line":266,"column":64}},"266":{"start":{"line":267,"column":0},"end":{"line":267,"column":3}},"267":{"start":{"line":268,"column":0},"end":{"line":268,"column":3}},"268":{"start":{"line":269,"column":0},"end":{"line":269,"column":0}},"269":{"start":{"line":270,"column":0},"end":{"line":270,"column":46}},"270":{"start":{"line":271,"column":0},"end":{"line":271,"column":7}},"271":{"start":{"line":272,"column":0},"end":{"line":272,"column":36}},"272":{"start":{"line":273,"column":0},"end":{"line":273,"column":0}},"273":{"start":{"line":274,"column":0},"end":{"line":274,"column":30}},"274":{"start":{"line":275,"column":0},"end":{"line":275,"column":44}},"275":{"start":{"line":276,"column":0},"end":{"line":276,"column":61}},"276":{"start":{"line":277,"column":0},"end":{"line":277,"column":6}},"277":{"start":{"line":278,"column":0},"end":{"line":278,"column":0}},"278":{"start":{"line":279,"column":0},"end":{"line":279,"column":27}},"279":{"start":{"line":280,"column":0},"end":{"line":280,"column":19}},"280":{"start":{"line":281,"column":0},"end":{"line":281,"column":25}},"281":{"start":{"line":282,"column":0},"end":{"line":282,"column":66}},"282":{"start":{"line":283,"column":0},"end":{"line":283,"column":3}},"283":{"start":{"line":284,"column":0},"end":{"line":284,"column":3}},"284":{"start":{"line":285,"column":0},"end":{"line":285,"column":0}},"285":{"start":{"line":286,"column":0},"end":{"line":286,"column":18}},"286":{"start":{"line":287,"column":0},"end":{"line":287,"column":6}},"287":{"start":{"line":288,"column":0},"end":{"line":288,"column":9}},"288":{"start":{"line":289,"column":0},"end":{"line":289,"column":10}},"289":{"start":{"line":290,"column":0},"end":{"line":290,"column":24}},"290":{"start":{"line":291,"column":0},"end":{"line":291,"column":17}},"291":{"start":{"line":292,"column":0},"end":{"line":292,"column":2}}},"s":{"0":1,"1":1,"2":1,"3":1,"4":1,"5":1,"6":1,"7":1,"8":1,"9":1,"10":1,"11":1,"12":1,"13":13,"14":13,"15":13,"16":13,"17":1,"18":4,"19":4,"20":4,"21":1,"22":1,"23":1,"24":1,"25":1,"26":1,"27":1,"28":1,"29":1,"30":2,"31":2,"32":2,"33":2,"34":2,"35":2,"36":2,"37":2,"38":2,"39":2,"40":2,"41":2,"42":2,"43":2,"44":1,"45":0,"46":1,"47":0,"48":0,"49":0,"50":0,"51":0,"52":0,"53":0,"54":0,"55":0,"56":0,"57":0,"58":0,"59":0,"60":1,"61":1,"62":2,"63":2,"64":2,"65":2,"66":2,"67":2,"68":0,"69":2,"70":2,"71":2,"72":2,"73":2,"74":2,"75":2,"76":2,"77":2,"78":2,"79":2,"80":2,"81":2,"82":2,"83":0,"84":0,"85":0,"86":0,"87":0,"88":0,"89":0,"90":0,"91":0,"92":0,"93":0,"94":0,"95":0,"96":0,"97":0,"98":0,"99":0,"100":0,"101":0,"102":0,"103":0,"104":0,"105":0,"106":0,"107":0,"108":0,"109":0,"110":0,"111":0,"112":2,"113":2,"114":2,"115":0,"116":0,"117":0,"118":0,"119":1,"120":1,"121":1,"122":1,"123":1,"124":2,"125":2,"126":2,"127":2,"128":2,"129":2,"130":2,"131":1,"132":1,"133":1,"134":1,"135":1,"136":1,"137":1,"138":1,"139":1,"140":1,"141":1,"142":3,"143":3,"144":3,"145":3,"146":3,"147":3,"148":3,"149":1,"150":2,"151":2,"152":1,"153":1,"154":1,"155":1,"156":1,"157":1,"158":1,"159":1,"160":1,"161":1,"162":1,"163":1,"164":1,"165":1,"166":1,"167":1,"168":0,"169":0,"170":0,"171":1,"172":1,"173":1,"174":1,"175":1,"176":1,"177":1,"178":1,"179":1,"180":1,"181":1,"182":1,"183":1,"184":1,"185":1,"186":1,"187":1,"188":1,"189":1,"190":1,"191":1,"192":0,"193":0,"194":0,"195":1,"196":1,"197":1,"198":1,"199":0,"200":0,"201":0,"202":0,"203":0,"204":0,"205":0,"206":0,"207":0,"208":0,"209":0,"210":0,"211":0,"212":0,"213":0,"214":0,"215":0,"216":0,"217":0,"218":0,"219":0,"220":0,"221":1,"222":1,"223":1,"224":1,"225":2,"226":2,"227":2,"228":2,"229":2,"230":2,"231":1,"232":1,"233":1,"234":1,"235":1,"236":1,"237":1,"238":0,"239":0,"240":0,"241":1,"242":1,"243":1,"244":1,"245":1,"246":1,"247":1,"248":1,"249":1,"250":1,"251":1,"252":1,"253":1,"254":1,"255":1,"256":1,"257":1,"258":1,"259":1,"260":1,"261":1,"262":1,"263":0,"264":0,"265":0,"266":1,"267":1,"268":1,"269":1,"270":1,"271":1,"272":1,"273":1,"274":1,"275":1,"276":1,"277":1,"278":1,"279":0,"280":0,"281":0,"282":1,"283":1,"284":1,"285":1,"286":1,"287":1,"288":1,"289":1,"290":1,"291":1},"branchMap":{"0":{"type":"branch","line":2,"loc":{"start":{"line":2,"column":0},"end":{"line":2,"column":6}},"locations":[{"start":{"line":2,"column":0},"end":{"line":2,"column":6}}]},"1":{"type":"branch","line":2,"loc":{"start":{"line":2,"column":0},"end":{"line":2,"column":6}},"locations":[{"start":{"line":2,"column":0},"end":{"line":2,"column":6}}]},"2":{"type":"branch","line":2,"loc":{"start":{"line":2,"column":0},"end":{"line":2,"column":6}},"locations":[{"start":{"line":2,"column":0},"end":{"line":2,"column":6}}]},"3":{"type":"branch","line":2,"loc":{"start":{"line":2,"column":0},"end":{"line":2,"column":6}},"locations":[{"start":{"line":2,"column":0},"end":{"line":2,"column":6}}]},"4":{"type":"branch","line":2,"loc":{"start":{"line":2,"column":0},"end":{"line":2,"column":6}},"locations":[{"start":{"line":2,"column":0},"end":{"line":2,"column":6}}]},"5":{"type":"branch","line":2,"loc":{"start":{"line":2,"column":0},"end":{"line":2,"column":6}},"locations":[{"start":{"line":2,"column":0},"end":{"line":2,"column":6}}]},"6":{"type":"branch","line":2,"loc":{"start":{"line":2,"column":0},"end":{"line":2,"column":6}},"locations":[{"start":{"line":2,"column":0},"end":{"line":2,"column":6}}]},"7":{"type":"branch","line":2,"loc":{"start":{"line":2,"column":0},"end":{"line":2,"column":6}},"locations":[{"start":{"line":2,"column":0},"end":{"line":2,"column":6}}]},"8":{"type":"branch","line":2,"loc":{"start":{"line":2,"column":0},"end":{"line":2,"column":6}},"locations":[{"start":{"line":2,"column":0},"end":{"line":2,"column":6}}]},"9":{"type":"branch","line":2,"loc":{"start":{"line":2,"column":0},"end":{"line":2,"column":6}},"locations":[{"start":{"line":2,"column":0},"end":{"line":2,"column":6}}]},"10":{"type":"branch","line":2,"loc":{"start":{"line":2,"column":0},"end":{"line":2,"column":6}},"locations":[{"start":{"line":2,"column":0},"end":{"line":2,"column":6}}]},"11":{"type":"branch","line":2,"loc":{"start":{"line":2,"column":0},"end":{"line":2,"column":6}},"locations":[{"start":{"line":2,"column":0},"end":{"line":2,"column":6}}]},"12":{"type":"branch","line":2,"loc":{"start":{"line":2,"column":0},"end":{"line":2,"column":6}},"locations":[{"start":{"line":2,"column":0},"end":{"line":2,"column":6}}]},"13":{"type":"branch","line":2,"loc":{"start":{"line":2,"column":0},"end":{"line":2,"column":6}},"locations":[{"start":{"line":2,"column":0},"end":{"line":2,"column":6}}]},"14":{"type":"branch","line":2,"loc":{"start":{"line":2,"column":0},"end":{"line":2,"column":6}},"locations":[{"start":{"line":2,"column":0},"end":{"line":2,"column":6}}]},"15":{"type":"branch","line":2,"loc":{"start":{"line":2,"column":0},"end":{"line":2,"column":6}},"locations":[{"start":{"line":2,"column":0},"end":{"line":2,"column":6}}]},"16":{"type":"branch","line":2,"loc":{"start":{"line":2,"column":0},"end":{"line":2,"column":6}},"locations":[{"start":{"line":2,"column":0},"end":{"line":2,"column":6}}]},"17":{"type":"branch","line":2,"loc":{"start":{"line":2,"column":0},"end":{"line":2,"column":6}},"locations":[{"start":{"line":2,"column":0},"end":{"line":2,"column":6}}]},"18":{"type":"branch","line":2,"loc":{"start":{"line":2,"column":0},"end":{"line":2,"column":6}},"locations":[{"start":{"line":2,"column":0},"end":{"line":2,"column":6}}]},"19":{"type":"branch","line":2,"loc":{"start":{"line":2,"column":0},"end":{"line":2,"column":6}},"locations":[{"start":{"line":2,"column":0},"end":{"line":2,"column":6}}]},"20":{"type":"branch","line":2,"loc":{"start":{"line":2,"column":0},"end":{"line":2,"column":6}},"locations":[{"start":{"line":2,"column":0},"end":{"line":2,"column":6}}]},"21":{"type":"branch","line":2,"loc":{"start":{"line":2,"column":0},"end":{"line":2,"column":6}},"locations":[{"start":{"line":2,"column":0},"end":{"line":2,"column":6}}]},"22":{"type":"branch","line":2,"loc":{"start":{"line":2,"column":0},"end":{"line":2,"column":6}},"locations":[{"start":{"line":2,"column":0},"end":{"line":2,"column":6}}]},"23":{"type":"branch","line":2,"loc":{"start":{"line":2,"column":0},"end":{"line":2,"column":6}},"locations":[{"start":{"line":2,"column":0},"end":{"line":2,"column":6}}]},"24":{"type":"branch","line":2,"loc":{"start":{"line":2,"column":0},"end":{"line":2,"column":6}},"locations":[{"start":{"line":2,"column":0},"end":{"line":2,"column":6}}]},"25":{"type":"branch","line":2,"loc":{"start":{"line":2,"column":0},"end":{"line":2,"column":6}},"locations":[{"start":{"line":2,"column":0},"end":{"line":2,"column":6}}]},"26":{"type":"branch","line":2,"loc":{"start":{"line":2,"column":0},"end":{"line":2,"column":6}},"locations":[{"start":{"line":2,"column":0},"end":{"line":2,"column":6}}]},"27":{"type":"branch","line":2,"loc":{"start":{"line":2,"column":0},"end":{"line":2,"column":6}},"locations":[{"start":{"line":2,"column":0},"end":{"line":2,"column":6}}]},"28":{"type":"branch","line":2,"loc":{"start":{"line":2,"column":0},"end":{"line":2,"column":6}},"locations":[{"start":{"line":2,"column":0},"end":{"line":2,"column":6}}]},"29":{"type":"branch","line":2,"loc":{"start":{"line":2,"column":0},"end":{"line":2,"column":6}},"locations":[{"start":{"line":2,"column":0},"end":{"line":2,"column":6}}]},"30":{"type":"branch","line":2,"loc":{"start":{"line":2,"column":0},"end":{"line":2,"column":6}},"locations":[{"start":{"line":2,"column":0},"end":{"line":2,"column":6}}]},"31":{"type":"branch","line":2,"loc":{"start":{"line":2,"column":0},"end":{"line":2,"column":6}},"locations":[{"start":{"line":2,"column":0},"end":{"line":2,"column":6}}]},"32":{"type":"branch","line":2,"loc":{"start":{"line":2,"column":0},"end":{"line":2,"column":6}},"locations":[{"start":{"line":2,"column":0},"end":{"line":2,"column":6}}]},"33":{"type":"branch","line":2,"loc":{"start":{"line":2,"column":0},"end":{"line":2,"column":6}},"locations":[{"start":{"line":2,"column":0},"end":{"line":2,"column":6}}]},"34":{"type":"branch","line":2,"loc":{"start":{"line":2,"column":0},"end":{"line":2,"column":6}},"locations":[{"start":{"line":2,"column":0},"end":{"line":2,"column":6}}]},"35":{"type":"branch","line":2,"loc":{"start":{"line":2,"column":0},"end":{"line":2,"column":6}},"locations":[{"start":{"line":2,"column":0},"end":{"line":2,"column":6}}]},"36":{"type":"branch","line":2,"loc":{"start":{"line":2,"column":0},"end":{"line":2,"column":6}},"locations":[{"start":{"line":2,"column":0},"end":{"line":2,"column":6}}]},"37":{"type":"branch","line":2,"loc":{"start":{"line":2,"column":0},"end":{"line":2,"column":6}},"locations":[{"start":{"line":2,"column":0},"end":{"line":2,"column":6}}]},"38":{"type":"branch","line":2,"loc":{"start":{"line":2,"column":0},"end":{"line":2,"column":6}},"locations":[{"start":{"line":2,"column":0},"end":{"line":2,"column":6}}]},"39":{"type":"branch","line":2,"loc":{"start":{"line":2,"column":0},"end":{"line":2,"column":6}},"locations":[{"start":{"line":2,"column":0},"end":{"line":2,"column":6}}]},"40":{"type":"branch","line":2,"loc":{"start":{"line":2,"column":0},"end":{"line":2,"column":6}},"locations":[{"start":{"line":2,"column":0},"end":{"line":2,"column":6}}]},"41":{"type":"branch","line":2,"loc":{"start":{"line":2,"column":0},"end":{"line":2,"column":6}},"locations":[{"start":{"line":2,"column":0},"end":{"line":2,"column":6}}]},"42":{"type":"branch","line":2,"loc":{"start":{"line":2,"column":0},"end":{"line":2,"column":6}},"locations":[{"start":{"line":2,"column":0},"end":{"line":2,"column":6}}]},"43":{"type":"branch","line":2,"loc":{"start":{"line":2,"column":0},"end":{"line":2,"column":6}},"locations":[{"start":{"line":2,"column":0},"end":{"line":2,"column":6}}]},"44":{"type":"branch","line":2,"loc":{"start":{"line":2,"column":0},"end":{"line":2,"column":6}},"locations":[{"start":{"line":2,"column":0},"end":{"line":2,"column":6}}]},"45":{"type":"branch","line":2,"loc":{"start":{"line":2,"column":0},"end":{"line":2,"column":6}},"locations":[{"start":{"line":2,"column":0},"end":{"line":2,"column":6}}]},"46":{"type":"branch","line":2,"loc":{"start":{"line":2,"column":0},"end":{"line":2,"column":6}},"locations":[{"start":{"line":2,"column":0},"end":{"line":2,"column":6}}]},"47":{"type":"branch","line":2,"loc":{"start":{"line":2,"column":0},"end":{"line":2,"column":6}},"locations":[{"start":{"line":2,"column":0},"end":{"line":2,"column":6}}]},"48":{"type":"branch","line":2,"loc":{"start":{"line":2,"column":0},"end":{"line":2,"column":6}},"locations":[{"start":{"line":2,"column":0},"end":{"line":2,"column":6}}]},"49":{"type":"branch","line":2,"loc":{"start":{"line":2,"column":0},"end":{"line":2,"column":6}},"locations":[{"start":{"line":2,"column":0},"end":{"line":2,"column":6}}]},"50":{"type":"branch","line":2,"loc":{"start":{"line":2,"column":0},"end":{"line":2,"column":6}},"locations":[{"start":{"line":2,"column":0},"end":{"line":2,"column":6}}]},"51":{"type":"branch","line":2,"loc":{"start":{"line":2,"column":0},"end":{"line":2,"column":6}},"locations":[{"start":{"line":2,"column":0},"end":{"line":2,"column":6}}]},"52":{"type":"branch","line":2,"loc":{"start":{"line":2,"column":0},"end":{"line":2,"column":6}},"locations":[{"start":{"line":2,"column":0},"end":{"line":2,"column":6}}]},"53":{"type":"branch","line":2,"loc":{"start":{"line":2,"column":0},"end":{"line":2,"column":6}},"locations":[{"start":{"line":2,"column":0},"end":{"line":2,"column":6}}]},"54":{"type":"branch","line":2,"loc":{"start":{"line":2,"column":0},"end":{"line":2,"column":6}},"locations":[{"start":{"line":2,"column":0},"end":{"line":2,"column":6}}]},"55":{"type":"branch","line":2,"loc":{"start":{"line":2,"column":0},"end":{"line":2,"column":6}},"locations":[{"start":{"line":2,"column":0},"end":{"line":2,"column":6}}]},"56":{"type":"branch","line":2,"loc":{"start":{"line":2,"column":0},"end":{"line":2,"column":6}},"locations":[{"start":{"line":2,"column":0},"end":{"line":2,"column":6}}]},"57":{"type":"branch","line":2,"loc":{"start":{"line":2,"column":0},"end":{"line":2,"column":6}},"locations":[{"start":{"line":2,"column":0},"end":{"line":2,"column":6}}]},"58":{"type":"branch","line":2,"loc":{"start":{"line":2,"column":0},"end":{"line":2,"column":6}},"locations":[{"start":{"line":2,"column":0},"end":{"line":2,"column":6}}]},"59":{"type":"branch","line":2,"loc":{"start":{"line":2,"column":0},"end":{"line":2,"column":6}},"locations":[{"start":{"line":2,"column":0},"end":{"line":2,"column":6}}]},"60":{"type":"branch","line":2,"loc":{"start":{"line":2,"column":0},"end":{"line":2,"column":6}},"locations":[{"start":{"line":2,"column":0},"end":{"line":2,"column":6}}]},"61":{"type":"branch","line":2,"loc":{"start":{"line":2,"column":0},"end":{"line":2,"column":6}},"locations":[{"start":{"line":2,"column":0},"end":{"line":2,"column":6}}]},"62":{"type":"branch","line":2,"loc":{"start":{"line":2,"column":0},"end":{"line":2,"column":6}},"locations":[{"start":{"line":2,"column":0},"end":{"line":2,"column":6}}]},"63":{"type":"branch","line":2,"loc":{"start":{"line":2,"column":0},"end":{"line":2,"column":6}},"locations":[{"start":{"line":2,"column":0},"end":{"line":2,"column":6}}]},"64":{"type":"branch","line":2,"loc":{"start":{"line":2,"column":0},"end":{"line":2,"column":6}},"locations":[{"start":{"line":2,"column":0},"end":{"line":2,"column":6}}]},"65":{"type":"branch","line":2,"loc":{"start":{"line":2,"column":0},"end":{"line":2,"column":6}},"locations":[{"start":{"line":2,"column":0},"end":{"line":2,"column":6}}]},"66":{"type":"branch","line":2,"loc":{"start":{"line":2,"column":0},"end":{"line":2,"column":6}},"locations":[{"start":{"line":2,"column":0},"end":{"line":2,"column":6}}]},"67":{"type":"branch","line":2,"loc":{"start":{"line":2,"column":0},"end":{"line":2,"column":6}},"locations":[{"start":{"line":2,"column":0},"end":{"line":2,"column":6}}]},"68":{"type":"branch","line":2,"loc":{"start":{"line":2,"column":0},"end":{"line":2,"column":6}},"locations":[{"start":{"line":2,"column":0},"end":{"line":2,"column":6}}]},"69":{"type":"branch","line":2,"loc":{"start":{"line":2,"column":0},"end":{"line":2,"column":6}},"locations":[{"start":{"line":2,"column":0},"end":{"line":2,"column":6}}]},"70":{"type":"branch","line":2,"loc":{"start":{"line":2,"column":0},"end":{"line":2,"column":6}},"locations":[{"start":{"line":2,"column":0},"end":{"line":2,"column":6}}]},"71":{"type":"branch","line":2,"loc":{"start":{"line":2,"column":0},"end":{"line":2,"column":6}},"locations":[{"start":{"line":2,"column":0},"end":{"line":2,"column":6}}]},"72":{"type":"branch","line":2,"loc":{"start":{"line":2,"column":0},"end":{"line":2,"column":6}},"locations":[{"start":{"line":2,"column":0},"end":{"line":2,"column":6}}]},"73":{"type":"branch","line":2,"loc":{"start":{"line":2,"column":0},"end":{"line":2,"column":6}},"locations":[{"start":{"line":2,"column":0},"end":{"line":2,"column":6}}]},"74":{"type":"branch","line":2,"loc":{"start":{"line":2,"column":0},"end":{"line":2,"column":6}},"locations":[{"start":{"line":2,"column":0},"end":{"line":2,"column":6}}]},"75":{"type":"branch","line":2,"loc":{"start":{"line":2,"column":0},"end":{"line":2,"column":6}},"locations":[{"start":{"line":2,"column":0},"end":{"line":2,"column":6}}]},"76":{"type":"branch","line":2,"loc":{"start":{"line":2,"column":0},"end":{"line":2,"column":6}},"locations":[{"start":{"line":2,"column":0},"end":{"line":2,"column":6}}]},"77":{"type":"branch","line":2,"loc":{"start":{"line":2,"column":0},"end":{"line":2,"column":6}},"locations":[{"start":{"line":2,"column":0},"end":{"line":2,"column":6}}]},"78":{"type":"branch","line":2,"loc":{"start":{"line":2,"column":0},"end":{"line":2,"column":6}},"locations":[{"start":{"line":2,"column":0},"end":{"line":2,"column":6}}]},"79":{"type":"branch","line":2,"loc":{"start":{"line":2,"column":0},"end":{"line":2,"column":6}},"locations":[{"start":{"line":2,"column":0},"end":{"line":2,"column":6}}]},"80":{"type":"branch","line":2,"loc":{"start":{"line":2,"column":0},"end":{"line":2,"column":6}},"locations":[{"start":{"line":2,"column":0},"end":{"line":2,"column":6}}]},"81":{"type":"branch","line":2,"loc":{"start":{"line":2,"column":0},"end":{"line":2,"column":6}},"locations":[{"start":{"line":2,"column":0},"end":{"line":2,"column":6}}]},"82":{"type":"branch","line":2,"loc":{"start":{"line":2,"column":0},"end":{"line":2,"column":6}},"locations":[{"start":{"line":2,"column":0},"end":{"line":2,"column":6}}]},"83":{"type":"branch","line":2,"loc":{"start":{"line":2,"column":0},"end":{"line":2,"column":6}},"locations":[{"start":{"line":2,"column":0},"end":{"line":2,"column":6}}]},"84":{"type":"branch","line":2,"loc":{"start":{"line":2,"column":0},"end":{"line":2,"column":6}},"locations":[{"start":{"line":2,"column":0},"end":{"line":2,"column":6}}]},"85":{"type":"branch","line":2,"loc":{"start":{"line":2,"column":0},"end":{"line":2,"column":6}},"locations":[{"start":{"line":2,"column":0},"end":{"line":2,"column":6}}]},"86":{"type":"branch","line":14,"loc":{"start":{"line":14,"column":-2},"end":{"line":15,"column":25}},"locations":[{"start":{"line":14,"column":-2},"end":{"line":15,"column":25}}]},"87":{"type":"branch","line":15,"loc":{"start":{"line":15,"column":21},"end":{"line":18,"column":1}},"locations":[{"start":{"line":15,"column":21},"end":{"line":18,"column":1}}]},"88":{"type":"branch","line":15,"loc":{"start":{"line":15,"column":0},"end":{"line":17,"column":26}},"locations":[{"start":{"line":15,"column":0},"end":{"line":17,"column":26}}]},"89":{"type":"branch","line":15,"loc":{"start":{"line":15,"column":0},"end":{"line":17,"column":26}},"locations":[{"start":{"line":15,"column":0},"end":{"line":17,"column":26}}]},"90":{"type":"branch","line":15,"loc":{"start":{"line":15,"column":0},"end":{"line":16,"column":50}},"locations":[{"start":{"line":15,"column":0},"end":{"line":16,"column":50}}]},"91":{"type":"branch","line":16,"loc":{"start":{"line":16,"column":49},"end":{"line":17,"column":26}},"locations":[{"start":{"line":16,"column":49},"end":{"line":17,"column":26}}]},"92":{"type":"branch","line":17,"loc":{"start":{"line":17,"column":25},"end":{"line":17,"column":26}},"locations":[{"start":{"line":17,"column":25},"end":{"line":17,"column":26}}]},"93":{"type":"branch","line":17,"loc":{"start":{"line":17,"column":25},"end":{"line":17,"column":26}},"locations":[{"start":{"line":17,"column":25},"end":{"line":17,"column":26}}]},"94":{"type":"branch","line":19,"loc":{"start":{"line":19,"column":-2},"end":{"line":20,"column":23}},"locations":[{"start":{"line":19,"column":-2},"end":{"line":20,"column":23}}]},"95":{"type":"branch","line":20,"loc":{"start":{"line":20,"column":22},"end":{"line":22,"column":1}},"locations":[{"start":{"line":20,"column":22},"end":{"line":22,"column":1}}]},"96":{"type":"branch","line":20,"loc":{"start":{"line":20,"column":0},"end":{"line":21,"column":69}},"locations":[{"start":{"line":20,"column":0},"end":{"line":21,"column":69}}]},"97":{"type":"branch","line":20,"loc":{"start":{"line":20,"column":27},"end":{"line":21,"column":69}},"locations":[{"start":{"line":20,"column":27},"end":{"line":21,"column":69}}]},"98":{"type":"branch","line":20,"loc":{"start":{"line":20,"column":27},"end":{"line":21,"column":69}},"locations":[{"start":{"line":20,"column":27},"end":{"line":21,"column":69}}]},"99":{"type":"branch","line":21,"loc":{"start":{"line":21,"column":68},"end":{"line":21,"column":69}},"locations":[{"start":{"line":21,"column":68},"end":{"line":21,"column":69}}]},"100":{"type":"branch","line":21,"loc":{"start":{"line":21,"column":68},"end":{"line":21,"column":69}},"locations":[{"start":{"line":21,"column":68},"end":{"line":21,"column":69}}]},"101":{"type":"branch","line":31,"loc":{"start":{"line":31,"column":-2},"end":{"line":32,"column":37}},"locations":[{"start":{"line":31,"column":-2},"end":{"line":32,"column":37}}]},"102":{"type":"branch","line":32,"loc":{"start":{"line":32,"column":36},"end":{"line":45,"column":1}},"locations":[{"start":{"line":32,"column":36},"end":{"line":45,"column":1}}]},"103":{"type":"branch","line":32,"loc":{"start":{"line":32,"column":0},"end":{"line":44,"column":42}},"locations":[{"start":{"line":32,"column":0},"end":{"line":44,"column":42}}]},"104":{"type":"branch","line":32,"loc":{"start":{"line":32,"column":49},"end":{"line":44,"column":42}},"locations":[{"start":{"line":32,"column":49},"end":{"line":44,"column":42}}]},"105":{"type":"branch","line":32,"loc":{"start":{"line":32,"column":49},"end":{"line":44,"column":42}},"locations":[{"start":{"line":32,"column":49},"end":{"line":44,"column":42}}]},"106":{"type":"branch","line":44,"loc":{"start":{"line":44,"column":41},"end":{"line":44,"column":42}},"locations":[{"start":{"line":44,"column":41},"end":{"line":44,"column":42}}]},"107":{"type":"branch","line":44,"loc":{"start":{"line":44,"column":41},"end":{"line":44,"column":42}},"locations":[{"start":{"line":44,"column":41},"end":{"line":44,"column":42}}]},"108":{"type":"branch","line":62,"loc":{"start":{"line":62,"column":24},"end":{"line":121,"column":2}},"locations":[{"start":{"line":62,"column":24},"end":{"line":121,"column":2}}]},"109":{"type":"branch","line":62,"loc":{"start":{"line":62,"column":26},"end":{"line":119,"column":70}},"locations":[{"start":{"line":62,"column":26},"end":{"line":119,"column":70}}]},"110":{"type":"branch","line":62,"loc":{"start":{"line":62,"column":41},"end":{"line":119,"column":70}},"locations":[{"start":{"line":62,"column":41},"end":{"line":119,"column":70}}]},"111":{"type":"branch","line":62,"loc":{"start":{"line":62,"column":41},"end":{"line":119,"column":70}},"locations":[{"start":{"line":62,"column":41},"end":{"line":119,"column":70}}]},"112":{"type":"branch","line":62,"loc":{"start":{"line":62,"column":41},"end":{"line":65,"column":30}},"locations":[{"start":{"line":62,"column":41},"end":{"line":65,"column":30}}]},"113":{"type":"branch","line":65,"loc":{"start":{"line":65,"column":29},"end":{"line":69,"column":71}},"locations":[{"start":{"line":65,"column":29},"end":{"line":69,"column":71}}]},"114":{"type":"branch","line":68,"loc":{"start":{"line":68,"column":20},"end":{"line":69,"column":71}},"locations":[{"start":{"line":68,"column":20},"end":{"line":69,"column":71}}]},"115":{"type":"branch","line":69,"loc":{"start":{"line":69,"column":70},"end":{"line":83,"column":54}},"locations":[{"start":{"line":69,"column":70},"end":{"line":83,"column":54}}]},"116":{"type":"branch","line":83,"loc":{"start":{"line":83,"column":53},"end":{"line":108,"column":24}},"locations":[{"start":{"line":83,"column":53},"end":{"line":108,"column":24}}]},"117":{"type":"branch","line":108,"loc":{"start":{"line":108,"column":23},"end":{"line":112,"column":75}},"locations":[{"start":{"line":108,"column":23},"end":{"line":112,"column":75}}]},"118":{"type":"branch","line":112,"loc":{"start":{"line":112,"column":74},"end":{"line":115,"column":109}},"locations":[{"start":{"line":112,"column":74},"end":{"line":115,"column":109}}]},"119":{"type":"branch","line":115,"loc":{"start":{"line":115,"column":108},"end":{"line":115,"column":109}},"locations":[{"start":{"line":115,"column":108},"end":{"line":115,"column":109}}]},"120":{"type":"branch","line":115,"loc":{"start":{"line":115,"column":108},"end":{"line":119,"column":70}},"locations":[{"start":{"line":115,"column":108},"end":{"line":119,"column":70}}]},"121":{"type":"branch","line":119,"loc":{"start":{"line":119,"column":69},"end":{"line":119,"column":70}},"locations":[{"start":{"line":119,"column":69},"end":{"line":119,"column":70}}]},"122":{"type":"branch","line":119,"loc":{"start":{"line":119,"column":69},"end":{"line":119,"column":70}},"locations":[{"start":{"line":119,"column":69},"end":{"line":119,"column":70}}]},"123":{"type":"branch","line":121,"loc":{"start":{"line":121,"column":1},"end":{"line":121,"column":2}},"locations":[{"start":{"line":121,"column":1},"end":{"line":121,"column":2}}]},"124":{"type":"branch","line":124,"loc":{"start":{"line":124,"column":21},"end":{"line":140,"column":2}},"locations":[{"start":{"line":124,"column":21},"end":{"line":140,"column":2}}]},"125":{"type":"branch","line":124,"loc":{"start":{"line":124,"column":23},"end":{"line":139,"column":57}},"locations":[{"start":{"line":124,"column":23},"end":{"line":139,"column":57}}]},"126":{"type":"branch","line":124,"loc":{"start":{"line":124,"column":38},"end":{"line":139,"column":57}},"locations":[{"start":{"line":124,"column":38},"end":{"line":139,"column":57}}]},"127":{"type":"branch","line":124,"loc":{"start":{"line":124,"column":38},"end":{"line":139,"column":57}},"locations":[{"start":{"line":124,"column":38},"end":{"line":139,"column":57}}]},"128":{"type":"branch","line":124,"loc":{"start":{"line":124,"column":38},"end":{"line":127,"column":28}},"locations":[{"start":{"line":124,"column":38},"end":{"line":127,"column":28}}]},"129":{"type":"branch","line":127,"loc":{"start":{"line":127,"column":27},"end":{"line":132,"column":61}},"locations":[{"start":{"line":127,"column":27},"end":{"line":132,"column":61}}]},"130":{"type":"branch","line":131,"loc":{"start":{"line":131,"column":11},"end":{"line":132,"column":61}},"locations":[{"start":{"line":131,"column":11},"end":{"line":132,"column":61}}]},"131":{"type":"branch","line":132,"loc":{"start":{"line":132,"column":60},"end":{"line":137,"column":20}},"locations":[{"start":{"line":132,"column":60},"end":{"line":137,"column":20}}]},"132":{"type":"branch","line":137,"loc":{"start":{"line":137,"column":19},"end":{"line":139,"column":57}},"locations":[{"start":{"line":137,"column":19},"end":{"line":139,"column":57}}]},"133":{"type":"branch","line":139,"loc":{"start":{"line":139,"column":56},"end":{"line":139,"column":57}},"locations":[{"start":{"line":139,"column":56},"end":{"line":139,"column":57}}]},"134":{"type":"branch","line":139,"loc":{"start":{"line":139,"column":56},"end":{"line":139,"column":57}},"locations":[{"start":{"line":139,"column":56},"end":{"line":139,"column":57}}]},"135":{"type":"branch","line":129,"loc":{"start":{"line":129,"column":4},"end":{"line":129,"column":55}},"locations":[{"start":{"line":129,"column":4},"end":{"line":129,"column":55}}]},"136":{"type":"branch","line":140,"loc":{"start":{"line":140,"column":1},"end":{"line":140,"column":2}},"locations":[{"start":{"line":140,"column":1},"end":{"line":140,"column":2}}]},"137":{"type":"branch","line":142,"loc":{"start":{"line":142,"column":21},"end":{"line":163,"column":2}},"locations":[{"start":{"line":142,"column":21},"end":{"line":163,"column":2}}]},"138":{"type":"branch","line":142,"loc":{"start":{"line":142,"column":23},"end":{"line":162,"column":5}},"locations":[{"start":{"line":142,"column":23},"end":{"line":162,"column":5}}]},"139":{"type":"branch","line":142,"loc":{"start":{"line":142,"column":38},"end":{"line":162,"column":5}},"locations":[{"start":{"line":142,"column":38},"end":{"line":162,"column":5}}]},"140":{"type":"branch","line":142,"loc":{"start":{"line":142,"column":38},"end":{"line":162,"column":5}},"locations":[{"start":{"line":142,"column":38},"end":{"line":162,"column":5}}]},"141":{"type":"branch","line":142,"loc":{"start":{"line":142,"column":38},"end":{"line":144,"column":28}},"locations":[{"start":{"line":142,"column":38},"end":{"line":144,"column":28}}]},"142":{"type":"branch","line":144,"loc":{"start":{"line":144,"column":27},"end":{"line":150,"column":68}},"locations":[{"start":{"line":144,"column":27},"end":{"line":150,"column":68}}]},"143":{"type":"branch","line":149,"loc":{"start":{"line":149,"column":11},"end":{"line":149,"column":14}},"locations":[{"start":{"line":149,"column":11},"end":{"line":149,"column":14}}]},"144":{"type":"branch","line":149,"loc":{"start":{"line":149,"column":11},"end":{"line":150,"column":68}},"locations":[{"start":{"line":149,"column":11},"end":{"line":150,"column":68}}]},"145":{"type":"branch","line":150,"loc":{"start":{"line":150,"column":67},"end":{"line":155,"column":75}},"locations":[{"start":{"line":150,"column":67},"end":{"line":155,"column":75}}]},"146":{"type":"branch","line":152,"loc":{"start":{"line":152,"column":20},"end":{"line":155,"column":75}},"locations":[{"start":{"line":152,"column":20},"end":{"line":155,"column":75}}]},"147":{"type":"branch","line":155,"loc":{"start":{"line":155,"column":74},"end":{"line":162,"column":5}},"locations":[{"start":{"line":155,"column":74},"end":{"line":162,"column":5}}]},"148":{"type":"branch","line":162,"loc":{"start":{"line":162,"column":4},"end":{"line":162,"column":5}},"locations":[{"start":{"line":162,"column":4},"end":{"line":162,"column":5}}]},"149":{"type":"branch","line":162,"loc":{"start":{"line":162,"column":4},"end":{"line":162,"column":5}},"locations":[{"start":{"line":162,"column":4},"end":{"line":162,"column":5}}]},"150":{"type":"branch","line":147,"loc":{"start":{"line":147,"column":4},"end":{"line":147,"column":55}},"locations":[{"start":{"line":147,"column":4},"end":{"line":147,"column":55}}]},"151":{"type":"branch","line":163,"loc":{"start":{"line":163,"column":1},"end":{"line":163,"column":2}},"locations":[{"start":{"line":163,"column":1},"end":{"line":163,"column":2}}]},"152":{"type":"branch","line":165,"loc":{"start":{"line":165,"column":24},"end":{"line":173,"column":2}},"locations":[{"start":{"line":165,"column":24},"end":{"line":173,"column":2}}]},"153":{"type":"branch","line":165,"loc":{"start":{"line":165,"column":26},"end":{"line":171,"column":67}},"locations":[{"start":{"line":165,"column":26},"end":{"line":171,"column":67}}]},"154":{"type":"branch","line":165,"loc":{"start":{"line":165,"column":41},"end":{"line":171,"column":67}},"locations":[{"start":{"line":165,"column":41},"end":{"line":171,"column":67}}]},"155":{"type":"branch","line":165,"loc":{"start":{"line":165,"column":41},"end":{"line":171,"column":67}},"locations":[{"start":{"line":165,"column":41},"end":{"line":171,"column":67}}]},"156":{"type":"branch","line":165,"loc":{"start":{"line":165,"column":41},"end":{"line":167,"column":30}},"locations":[{"start":{"line":165,"column":41},"end":{"line":167,"column":30}}]},"157":{"type":"branch","line":167,"loc":{"start":{"line":167,"column":29},"end":{"line":168,"column":27}},"locations":[{"start":{"line":167,"column":29},"end":{"line":168,"column":27}}]},"158":{"type":"branch","line":169,"loc":{"start":{"line":169,"column":-2},"end":{"line":171,"column":67}},"locations":[{"start":{"line":169,"column":-2},"end":{"line":171,"column":67}}]},"159":{"type":"branch","line":173,"loc":{"start":{"line":173,"column":1},"end":{"line":173,"column":2}},"locations":[{"start":{"line":173,"column":1},"end":{"line":173,"column":2}}]},"160":{"type":"branch","line":175,"loc":{"start":{"line":175,"column":25},"end":{"line":197,"column":2}},"locations":[{"start":{"line":175,"column":25},"end":{"line":197,"column":2}}]},"161":{"type":"branch","line":175,"loc":{"start":{"line":175,"column":27},"end":{"line":195,"column":67}},"locations":[{"start":{"line":175,"column":27},"end":{"line":195,"column":67}}]},"162":{"type":"branch","line":175,"loc":{"start":{"line":175,"column":42},"end":{"line":195,"column":67}},"locations":[{"start":{"line":175,"column":42},"end":{"line":195,"column":67}}]},"163":{"type":"branch","line":175,"loc":{"start":{"line":175,"column":42},"end":{"line":195,"column":67}},"locations":[{"start":{"line":175,"column":42},"end":{"line":195,"column":67}}]},"164":{"type":"branch","line":175,"loc":{"start":{"line":175,"column":42},"end":{"line":179,"column":30}},"locations":[{"start":{"line":175,"column":42},"end":{"line":179,"column":30}}]},"165":{"type":"branch","line":179,"loc":{"start":{"line":179,"column":29},"end":{"line":190,"column":22}},"locations":[{"start":{"line":179,"column":29},"end":{"line":190,"column":22}}]},"166":{"type":"branch","line":190,"loc":{"start":{"line":190,"column":21},"end":{"line":192,"column":38}},"locations":[{"start":{"line":190,"column":21},"end":{"line":192,"column":38}}]},"167":{"type":"branch","line":193,"loc":{"start":{"line":193,"column":-2},"end":{"line":195,"column":67}},"locations":[{"start":{"line":193,"column":-2},"end":{"line":195,"column":67}}]},"168":{"type":"branch","line":197,"loc":{"start":{"line":197,"column":1},"end":{"line":197,"column":2}},"locations":[{"start":{"line":197,"column":1},"end":{"line":197,"column":2}}]},"169":{"type":"branch","line":199,"loc":{"start":{"line":199,"column":28},"end":{"line":223,"column":2}},"locations":[{"start":{"line":199,"column":28},"end":{"line":223,"column":2}}]},"170":{"type":"branch","line":225,"loc":{"start":{"line":225,"column":31},"end":{"line":243,"column":2}},"locations":[{"start":{"line":225,"column":31},"end":{"line":243,"column":2}}]},"171":{"type":"branch","line":225,"loc":{"start":{"line":225,"column":33},"end":{"line":241,"column":67}},"locations":[{"start":{"line":225,"column":33},"end":{"line":241,"column":67}}]},"172":{"type":"branch","line":225,"loc":{"start":{"line":225,"column":48},"end":{"line":241,"column":67}},"locations":[{"start":{"line":225,"column":48},"end":{"line":241,"column":67}}]},"173":{"type":"branch","line":225,"loc":{"start":{"line":225,"column":48},"end":{"line":241,"column":67}},"locations":[{"start":{"line":225,"column":48},"end":{"line":241,"column":67}}]},"174":{"type":"branch","line":225,"loc":{"start":{"line":225,"column":48},"end":{"line":229,"column":30}},"locations":[{"start":{"line":225,"column":48},"end":{"line":229,"column":30}}]},"175":{"type":"branch","line":229,"loc":{"start":{"line":229,"column":29},"end":{"line":232,"column":69}},"locations":[{"start":{"line":229,"column":29},"end":{"line":232,"column":69}}]},"176":{"type":"branch","line":231,"loc":{"start":{"line":231,"column":20},"end":{"line":232,"column":69}},"locations":[{"start":{"line":231,"column":20},"end":{"line":232,"column":69}}]},"177":{"type":"branch","line":232,"loc":{"start":{"line":232,"column":68},"end":{"line":236,"column":22}},"locations":[{"start":{"line":232,"column":68},"end":{"line":236,"column":22}}]},"178":{"type":"branch","line":236,"loc":{"start":{"line":236,"column":21},"end":{"line":238,"column":46}},"locations":[{"start":{"line":236,"column":21},"end":{"line":238,"column":46}}]},"179":{"type":"branch","line":239,"loc":{"start":{"line":239,"column":-2},"end":{"line":241,"column":67}},"locations":[{"start":{"line":239,"column":-2},"end":{"line":241,"column":67}}]},"180":{"type":"branch","line":230,"loc":{"start":{"line":230,"column":41},"end":{"line":230,"column":74}},"locations":[{"start":{"line":230,"column":41},"end":{"line":230,"column":74}}]},"181":{"type":"branch","line":243,"loc":{"start":{"line":243,"column":1},"end":{"line":243,"column":2}},"locations":[{"start":{"line":243,"column":1},"end":{"line":243,"column":2}}]},"182":{"type":"branch","line":245,"loc":{"start":{"line":245,"column":24},"end":{"line":268,"column":2}},"locations":[{"start":{"line":245,"column":24},"end":{"line":268,"column":2}}]},"183":{"type":"branch","line":245,"loc":{"start":{"line":245,"column":26},"end":{"line":266,"column":64}},"locations":[{"start":{"line":245,"column":26},"end":{"line":266,"column":64}}]},"184":{"type":"branch","line":245,"loc":{"start":{"line":245,"column":41},"end":{"line":266,"column":64}},"locations":[{"start":{"line":245,"column":41},"end":{"line":266,"column":64}}]},"185":{"type":"branch","line":245,"loc":{"start":{"line":245,"column":41},"end":{"line":266,"column":64}},"locations":[{"start":{"line":245,"column":41},"end":{"line":266,"column":64}}]},"186":{"type":"branch","line":245,"loc":{"start":{"line":245,"column":41},"end":{"line":249,"column":30}},"locations":[{"start":{"line":245,"column":41},"end":{"line":249,"column":30}}]},"187":{"type":"branch","line":249,"loc":{"start":{"line":249,"column":29},"end":{"line":261,"column":22}},"locations":[{"start":{"line":249,"column":29},"end":{"line":261,"column":22}}]},"188":{"type":"branch","line":261,"loc":{"start":{"line":261,"column":21},"end":{"line":263,"column":37}},"locations":[{"start":{"line":261,"column":21},"end":{"line":263,"column":37}}]},"189":{"type":"branch","line":264,"loc":{"start":{"line":264,"column":-2},"end":{"line":266,"column":64}},"locations":[{"start":{"line":264,"column":-2},"end":{"line":266,"column":64}}]},"190":{"type":"branch","line":268,"loc":{"start":{"line":268,"column":1},"end":{"line":268,"column":2}},"locations":[{"start":{"line":268,"column":1},"end":{"line":268,"column":2}}]},"191":{"type":"branch","line":270,"loc":{"start":{"line":270,"column":23},"end":{"line":284,"column":2}},"locations":[{"start":{"line":270,"column":23},"end":{"line":284,"column":2}}]},"192":{"type":"branch","line":270,"loc":{"start":{"line":270,"column":25},"end":{"line":282,"column":66}},"locations":[{"start":{"line":270,"column":25},"end":{"line":282,"column":66}}]},"193":{"type":"branch","line":270,"loc":{"start":{"line":270,"column":40},"end":{"line":282,"column":66}},"locations":[{"start":{"line":270,"column":40},"end":{"line":282,"column":66}}]},"194":{"type":"branch","line":270,"loc":{"start":{"line":270,"column":40},"end":{"line":282,"column":66}},"locations":[{"start":{"line":270,"column":40},"end":{"line":282,"column":66}}]},"195":{"type":"branch","line":270,"loc":{"start":{"line":270,"column":40},"end":{"line":274,"column":30}},"locations":[{"start":{"line":270,"column":40},"end":{"line":274,"column":30}}]},"196":{"type":"branch","line":274,"loc":{"start":{"line":274,"column":29},"end":{"line":279,"column":27}},"locations":[{"start":{"line":274,"column":29},"end":{"line":279,"column":27}}]},"197":{"type":"branch","line":280,"loc":{"start":{"line":280,"column":-2},"end":{"line":282,"column":66}},"locations":[{"start":{"line":280,"column":-2},"end":{"line":282,"column":66}}]},"198":{"type":"branch","line":284,"loc":{"start":{"line":284,"column":1},"end":{"line":284,"column":2}},"locations":[{"start":{"line":284,"column":1},"end":{"line":284,"column":2}}]}},"b":{"0":[1],"1":[0],"2":[0],"3":[0],"4":[0],"5":[0],"6":[0],"7":[43],"8":[13],"9":[32],"10":[0],"11":[24],"12":[91],"13":[4],"14":[2],"15":[6],"16":[68],"17":[32],"18":[68],"19":[0],"20":[0],"21":[93],"22":[0],"23":[66],"24":[27],"25":[6],"26":[0],"27":[21],"28":[91],"29":[87],"30":[30],"31":[57],"32":[21],"33":[66],"34":[4],"35":[10],"36":[0],"37":[44],"38":[42],"39":[32],"40":[1],"41":[0],"42":[0],"43":[0],"44":[12],"45":[0],"46":[32],"47":[0],"48":[32],"49":[2],"50":[30],"51":[6],"52":[2],"53":[4],"54":[2],"55":[0],"56":[0],"57":[4],"58":[2],"59":[42],"60":[52],"61":[10],"62":[0],"63":[0],"64":[0],"65":[0],"66":[0],"67":[0],"68":[0],"69":[0],"70":[42],"71":[0],"72":[0],"73":[0],"74":[2],"75":[0],"76":[68],"77":[2],"78":[66],"79":[30],"80":[36],"81":[12],"82":[32],"83":[32],"84":[66],"85":[2],"86":[13],"87":[1],"88":[13],"89":[39],"90":[13],"91":[13],"92":[0],"93":[13],"94":[4],"95":[1],"96":[4],"97":[8],"98":[4],"99":[4],"100":[4],"101":[2],"102":[1],"103":[2],"104":[4],"105":[2],"106":[0],"107":[2],"108":[1],"109":[2],"110":[8],"111":[10],"112":[2],"113":[2],"114":[0],"115":[2],"116":[0],"117":[0],"118":[2],"119":[0],"120":[0],"121":[0],"122":[2],"123":[2],"124":[1],"125":[2],"126":[7],"127":[8],"128":[2],"129":[2],"130":[1],"131":[1],"132":[1],"133":[0],"134":[2],"135":[2],"136":[2],"137":[1],"138":[3],"139":[9],"140":[12],"141":[3],"142":[3],"143":[2],"144":[1],"145":[2],"146":[1],"147":[1],"148":[0],"149":[3],"150":[3],"151":[3],"152":[1],"153":[1],"154":[2],"155":[3],"156":[1],"157":[1],"158":[0],"159":[1],"160":[1],"161":[1],"162":[3],"163":[4],"164":[1],"165":[1],"166":[1],"167":[0],"168":[1],"169":[1],"170":[1],"171":[2],"172":[6],"173":[8],"174":[2],"175":[2],"176":[1],"177":[1],"178":[1],"179":[0],"180":[2],"181":[2],"182":[1],"183":[1],"184":[3],"185":[4],"186":[1],"187":[1],"188":[1],"189":[0],"190":[1],"191":[1],"192":[1],"193":[2],"194":[3],"195":[1],"196":[1],"197":[0],"198":[1]},"fnMap":{"0":{"name":"_regeneratorRuntime","decl":{"start":{"line":2,"column":0},"end":{"line":2,"column":6}},"loc":{"start":{"line":2,"column":0},"end":{"line":2,"column":6}},"line":2},"1":{"name":"_regeneratorRuntime","decl":{"start":{"line":2,"column":0},"end":{"line":2,"column":6}},"loc":{"start":{"line":2,"column":0},"end":{"line":2,"column":6}},"line":2},"2":{"name":"o","decl":{"start":{"line":2,"column":0},"end":{"line":2,"column":6}},"loc":{"start":{"line":2,"column":0},"end":{"line":2,"column":6}},"line":2},"3":{"name":"define","decl":{"start":{"line":2,"column":0},"end":{"line":2,"column":6}},"loc":{"start":{"line":2,"column":0},"end":{"line":2,"column":6}},"line":2},"4":{"name":"define","decl":{"start":{"line":2,"column":0},"end":{"line":2,"column":6}},"loc":{"start":{"line":2,"column":0},"end":{"line":2,"column":6}},"line":2},"5":{"name":"wrap","decl":{"start":{"line":2,"column":0},"end":{"line":2,"column":6}},"loc":{"start":{"line":2,"column":0},"end":{"line":2,"column":6}},"line":2},"6":{"name":"tryCatch","decl":{"start":{"line":2,"column":0},"end":{"line":2,"column":6}},"loc":{"start":{"line":2,"column":0},"end":{"line":2,"column":6}},"line":2},"7":{"name":"Generator","decl":{"start":{"line":2,"column":0},"end":{"line":2,"column":6}},"loc":{"start":{"line":2,"column":0},"end":{"line":2,"column":6}},"line":2},"8":{"name":"GeneratorFunction","decl":{"start":{"line":2,"column":0},"end":{"line":2,"column":6}},"loc":{"start":{"line":2,"column":0},"end":{"line":2,"column":6}},"line":2},"9":{"name":"GeneratorFunctionPrototype","decl":{"start":{"line":2,"column":0},"end":{"line":2,"column":6}},"loc":{"start":{"line":2,"column":0},"end":{"line":2,"column":6}},"line":2},"10":{"name":"defineIteratorMethods","decl":{"start":{"line":2,"column":0},"end":{"line":2,"column":6}},"loc":{"start":{"line":2,"column":0},"end":{"line":2,"column":6}},"line":2},"11":{"name":"AsyncIterator","decl":{"start":{"line":2,"column":0},"end":{"line":2,"column":6}},"loc":{"start":{"line":2,"column":0},"end":{"line":2,"column":6}},"line":2},"12":{"name":"makeInvokeMethod","decl":{"start":{"line":2,"column":0},"end":{"line":2,"column":6}},"loc":{"start":{"line":2,"column":0},"end":{"line":2,"column":6}},"line":2},"13":{"name":"maybeInvokeDelegate","decl":{"start":{"line":2,"column":0},"end":{"line":2,"column":6}},"loc":{"start":{"line":2,"column":0},"end":{"line":2,"column":6}},"line":2},"14":{"name":"pushTryEntry","decl":{"start":{"line":2,"column":0},"end":{"line":2,"column":6}},"loc":{"start":{"line":2,"column":0},"end":{"line":2,"column":6}},"line":2},"15":{"name":"resetTryEntry","decl":{"start":{"line":2,"column":0},"end":{"line":2,"column":6}},"loc":{"start":{"line":2,"column":0},"end":{"line":2,"column":6}},"line":2},"16":{"name":"Context","decl":{"start":{"line":2,"column":0},"end":{"line":2,"column":6}},"loc":{"start":{"line":2,"column":0},"end":{"line":2,"column":6}},"line":2},"17":{"name":"values","decl":{"start":{"line":2,"column":0},"end":{"line":2,"column":6}},"loc":{"start":{"line":2,"column":0},"end":{"line":2,"column":6}},"line":2},"18":{"name":"next","decl":{"start":{"line":2,"column":0},"end":{"line":2,"column":6}},"loc":{"start":{"line":2,"column":0},"end":{"line":2,"column":6}},"line":2},"19":{"name":"e.isGeneratorFunction","decl":{"start":{"line":2,"column":0},"end":{"line":2,"column":6}},"loc":{"start":{"line":2,"column":0},"end":{"line":2,"column":6}},"line":2},"20":{"name":"e.mark","decl":{"start":{"line":2,"column":0},"end":{"line":2,"column":6}},"loc":{"start":{"line":2,"column":0},"end":{"line":2,"column":6}},"line":2},"21":{"name":"e.awrap","decl":{"start":{"line":2,"column":0},"end":{"line":2,"column":6}},"loc":{"start":{"line":2,"column":0},"end":{"line":2,"column":6}},"line":2},"22":{"name":"e.async","decl":{"start":{"line":2,"column":0},"end":{"line":2,"column":6}},"loc":{"start":{"line":2,"column":0},"end":{"line":2,"column":6}},"line":2},"23":{"name":"e.keys","decl":{"start":{"line":2,"column":0},"end":{"line":2,"column":6}},"loc":{"start":{"line":2,"column":0},"end":{"line":2,"column":6}},"line":2},"24":{"name":"reset","decl":{"start":{"line":2,"column":0},"end":{"line":2,"column":6}},"loc":{"start":{"line":2,"column":0},"end":{"line":2,"column":6}},"line":2},"25":{"name":"stop","decl":{"start":{"line":2,"column":0},"end":{"line":2,"column":6}},"loc":{"start":{"line":2,"column":0},"end":{"line":2,"column":6}},"line":2},"26":{"name":"dispatchException","decl":{"start":{"line":2,"column":0},"end":{"line":2,"column":6}},"loc":{"start":{"line":2,"column":0},"end":{"line":2,"column":6}},"line":2},"27":{"name":"handle","decl":{"start":{"line":2,"column":0},"end":{"line":2,"column":6}},"loc":{"start":{"line":2,"column":0},"end":{"line":2,"column":6}},"line":2},"28":{"name":"abrupt","decl":{"start":{"line":2,"column":0},"end":{"line":2,"column":6}},"loc":{"start":{"line":2,"column":0},"end":{"line":2,"column":6}},"line":2},"29":{"name":"complete","decl":{"start":{"line":2,"column":0},"end":{"line":2,"column":6}},"loc":{"start":{"line":2,"column":0},"end":{"line":2,"column":6}},"line":2},"30":{"name":"finish","decl":{"start":{"line":2,"column":0},"end":{"line":2,"column":6}},"loc":{"start":{"line":2,"column":0},"end":{"line":2,"column":6}},"line":2},"31":{"name":"_catch","decl":{"start":{"line":2,"column":0},"end":{"line":2,"column":6}},"loc":{"start":{"line":2,"column":0},"end":{"line":2,"column":6}},"line":2},"32":{"name":"delegateYield","decl":{"start":{"line":2,"column":0},"end":{"line":2,"column":6}},"loc":{"start":{"line":2,"column":0},"end":{"line":2,"column":6}},"line":2},"33":{"name":"asyncGeneratorStep","decl":{"start":{"line":2,"column":0},"end":{"line":2,"column":6}},"loc":{"start":{"line":2,"column":0},"end":{"line":2,"column":6}},"line":2},"34":{"name":"_asyncToGenerator","decl":{"start":{"line":2,"column":0},"end":{"line":2,"column":6}},"loc":{"start":{"line":2,"column":0},"end":{"line":2,"column":6}},"line":2},"35":{"name":"_next","decl":{"start":{"line":2,"column":0},"end":{"line":2,"column":6}},"loc":{"start":{"line":2,"column":0},"end":{"line":2,"column":6}},"line":2},"36":{"name":"_throw","decl":{"start":{"line":2,"column":0},"end":{"line":2,"column":6}},"loc":{"start":{"line":2,"column":0},"end":{"line":2,"column":6}},"line":2},"37":{"name":"readDB","decl":{"start":{"line":14,"column":-2},"end":{"line":15,"column":25}},"loc":{"start":{"line":14,"column":-2},"end":{"line":15,"column":25}},"line":14},"38":{"name":"_readDB","decl":{"start":{"line":15,"column":21},"end":{"line":18,"column":1}},"loc":{"start":{"line":15,"column":21},"end":{"line":18,"column":1}},"line":15},"39":{"name":"_callee10","decl":{"start":{"line":15,"column":0},"end":{"line":17,"column":26}},"loc":{"start":{"line":15,"column":0},"end":{"line":17,"column":26}},"line":15},"40":{"name":"_callee10$","decl":{"start":{"line":15,"column":0},"end":{"line":17,"column":26}},"loc":{"start":{"line":15,"column":0},"end":{"line":17,"column":26}},"line":15},"41":{"name":"writeDB","decl":{"start":{"line":19,"column":-2},"end":{"line":20,"column":23}},"loc":{"start":{"line":19,"column":-2},"end":{"line":20,"column":23}},"line":19},"42":{"name":"_writeDB","decl":{"start":{"line":20,"column":22},"end":{"line":22,"column":1}},"loc":{"start":{"line":20,"column":22},"end":{"line":22,"column":1}},"line":20},"43":{"name":"_callee11","decl":{"start":{"line":20,"column":0},"end":{"line":21,"column":69}},"loc":{"start":{"line":20,"column":0},"end":{"line":21,"column":69}},"line":20},"44":{"name":"_callee11$","decl":{"start":{"line":20,"column":27},"end":{"line":21,"column":69}},"loc":{"start":{"line":20,"column":27},"end":{"line":21,"column":69}},"line":20},"45":{"name":"sendVerificationEmail","decl":{"start":{"line":31,"column":-2},"end":{"line":32,"column":37}},"loc":{"start":{"line":31,"column":-2},"end":{"line":32,"column":37}},"line":31},"46":{"name":"_sendVerificationEmail","decl":{"start":{"line":32,"column":36},"end":{"line":45,"column":1}},"loc":{"start":{"line":32,"column":36},"end":{"line":45,"column":1}},"line":32},"47":{"name":"_callee12","decl":{"start":{"line":32,"column":0},"end":{"line":44,"column":42}},"loc":{"start":{"line":32,"column":0},"end":{"line":44,"column":42}},"line":32},"48":{"name":"_callee12$","decl":{"start":{"line":32,"column":49},"end":{"line":44,"column":42}},"loc":{"start":{"line":32,"column":49},"end":{"line":44,"column":42}},"line":32},"49":{"name":"sendResetEmail","decl":{"start":{"line":46,"column":-2},"end":{"line":47,"column":30}},"loc":{"start":{"line":46,"column":-2},"end":{"line":47,"column":30}},"line":46},"50":{"name":"_sendResetEmail","decl":{"start":{"line":47,"column":29},"end":{"line":60,"column":1}},"loc":{"start":{"line":47,"column":29},"end":{"line":60,"column":1}},"line":47},"51":{"name":"_callee","decl":{"start":{"line":62,"column":26},"end":{"line":119,"column":70}},"loc":{"start":{"line":62,"column":26},"end":{"line":119,"column":70}},"line":62},"52":{"name":"_callee$","decl":{"start":{"line":62,"column":41},"end":{"line":119,"column":70}},"loc":{"start":{"line":62,"column":41},"end":{"line":119,"column":70}},"line":62},"53":{"name":"_callee2","decl":{"start":{"line":124,"column":23},"end":{"line":139,"column":57}},"loc":{"start":{"line":124,"column":23},"end":{"line":139,"column":57}},"line":124},"54":{"name":"_callee2$","decl":{"start":{"line":124,"column":38},"end":{"line":139,"column":57}},"loc":{"start":{"line":124,"column":38},"end":{"line":139,"column":57}},"line":124},"55":{"name":"_callee3","decl":{"start":{"line":142,"column":23},"end":{"line":162,"column":5}},"loc":{"start":{"line":142,"column":23},"end":{"line":162,"column":5}},"line":142},"56":{"name":"_callee3$","decl":{"start":{"line":142,"column":38},"end":{"line":162,"column":5}},"loc":{"start":{"line":142,"column":38},"end":{"line":162,"column":5}},"line":142},"57":{"name":"_callee4","decl":{"start":{"line":165,"column":26},"end":{"line":171,"column":67}},"loc":{"start":{"line":165,"column":26},"end":{"line":171,"column":67}},"line":165},"58":{"name":"_callee4$","decl":{"start":{"line":165,"column":41},"end":{"line":171,"column":67}},"loc":{"start":{"line":165,"column":41},"end":{"line":171,"column":67}},"line":165},"59":{"name":"_callee5","decl":{"start":{"line":175,"column":27},"end":{"line":195,"column":67}},"loc":{"start":{"line":175,"column":27},"end":{"line":195,"column":67}},"line":175},"60":{"name":"_callee5$","decl":{"start":{"line":175,"column":42},"end":{"line":195,"column":67}},"loc":{"start":{"line":175,"column":42},"end":{"line":195,"column":67}},"line":175},"61":{"name":"_callee6","decl":{"start":{"line":199,"column":30},"end":{"line":221,"column":67}},"loc":{"start":{"line":199,"column":30},"end":{"line":221,"column":67}},"line":199},"62":{"name":"_callee7","decl":{"start":{"line":225,"column":33},"end":{"line":241,"column":67}},"loc":{"start":{"line":225,"column":33},"end":{"line":241,"column":67}},"line":225},"63":{"name":"_callee7$","decl":{"start":{"line":225,"column":48},"end":{"line":241,"column":67}},"loc":{"start":{"line":225,"column":48},"end":{"line":241,"column":67}},"line":225},"64":{"name":"_callee8","decl":{"start":{"line":245,"column":26},"end":{"line":266,"column":64}},"loc":{"start":{"line":245,"column":26},"end":{"line":266,"column":64}},"line":245},"65":{"name":"_callee8$","decl":{"start":{"line":245,"column":41},"end":{"line":266,"column":64}},"loc":{"start":{"line":245,"column":41},"end":{"line":266,"column":64}},"line":245},"66":{"name":"_callee9","decl":{"start":{"line":270,"column":25},"end":{"line":282,"column":66}},"loc":{"start":{"line":270,"column":25},"end":{"line":282,"column":66}},"line":270},"67":{"name":"_callee9$","decl":{"start":{"line":270,"column":40},"end":{"line":282,"column":66}},"loc":{"start":{"line":270,"column":40},"end":{"line":282,"column":66}},"line":270}},"f":{"0":1,"1":43,"2":0,"3":13,"4":0,"5":32,"6":91,"7":0,"8":0,"9":0,"10":2,"11":0,"12":32,"13":0,"14":10,"15":44,"16":32,"17":1,"18":0,"19":0,"20":12,"21":0,"22":0,"23":0,"24":32,"25":32,"26":6,"27":4,"28":42,"29":42,"30":0,"31":2,"32":0,"33":68,"34":12,"35":66,"36":2,"37":13,"38":1,"39":13,"40":39,"41":4,"42":1,"43":4,"44":8,"45":2,"46":1,"47":2,"48":4,"49":0,"50":0,"51":2,"52":8,"53":2,"54":7,"55":3,"56":9,"57":1,"58":2,"59":1,"60":3,"61":0,"62":2,"63":6,"64":1,"65":3,"66":1,"67":2}}
}
