TN:
SF:server.js
FN:2,_regeneratorRuntime
FN:2,_regeneratorRuntime
FN:2,o
FN:2,define
FN:2,define
FN:2,wrap
FN:2,tryCatch
FN:2,Generator
FN:2,GeneratorFunction
FN:2,GeneratorFunctionPrototype
FN:2,defineIteratorMethods
FN:2,AsyncIterator
FN:2,makeInvokeMethod
FN:2,maybeInvokeDelegate
FN:2,pushTryEntry
FN:2,resetTryEntry
FN:2,Context
FN:2,values
FN:2,next
FN:2,e.isGeneratorFunction
FN:2,e.mark
FN:2,e.awrap
FN:2,e.async
FN:2,e.keys
FN:2,reset
FN:2,stop
FN:2,dispatchException
FN:2,abrupt
FN:2,complete
FN:2,finish
FN:2,_catch
FN:2,delegateYield
FN:2,asyncGeneratorStep
FN:2,_asyncToGenerator
FN:2,_next
FN:2,_throw
FN:14,readDB
FN:15,_readDB
FN:15,_callee10
FN:15,_callee10$
FN:19,writeDB
FN:20,_writeDB
FN:20,_callee11
FN:20,_callee11$
FN:31,sendVerificationEmail
FN:32,_sendVerificationEmail
FN:46,sendResetEmail
FN:47,_sendResetEmail
FN:62,_callee
FN:62,_callee$
FN:124,_callee2
FN:124,_callee2$
FN:142,_callee3
FN:142,_callee3$
FN:165,_callee4
FN:175,_callee5
FN:198,_callee6
FN:223,_callee7
FN:243,_callee8
FN:243,_callee8$
FN:268,_callee9
FNF:61
FNH:35
FNDA:1,_regeneratorRuntime
FNDA:19,_regeneratorRuntime
FNDA:0,o
FNDA:13,define
FNDA:0,define
FNDA:9,wrap
FNDA:26,tryCatch
FNDA:0,Generator
FNDA:0,GeneratorFunction
FNDA:0,GeneratorFunctionPrototype
FNDA:2,defineIteratorMethods
FNDA:0,AsyncIterator
FNDA:9,makeInvokeMethod
FNDA:0,maybeInvokeDelegate
FNDA:3,pushTryEntry
FNDA:12,resetTryEntry
FNDA:9,Context
FNDA:1,values
FNDA:0,next
FNDA:0,e.isGeneratorFunction
FNDA:11,e.mark
FNDA:0,e.awrap
FNDA:0,e.async
FNDA:0,e.keys
FNDA:9,reset
FNDA:9,stop
FNDA:0,dispatchException
FNDA:14,abrupt
FNDA:14,complete
FNDA:0,finish
FNDA:0,_catch
FNDA:0,delegateYield
FNDA:19,asyncGeneratorStep
FNDA:11,_asyncToGenerator
FNDA:19,_next
FNDA:0,_throw
FNDA:4,readDB
FNDA:1,_readDB
FNDA:4,_callee10
FNDA:12,_callee10$
FNDA:1,writeDB
FNDA:1,_writeDB
FNDA:1,_callee11
FNDA:2,_callee11$
FNDA:0,sendVerificationEmail
FNDA:0,_sendVerificationEmail
FNDA:0,sendResetEmail
FNDA:0,_sendResetEmail
FNDA:1,_callee
FNDA:3,_callee$
FNDA:1,_callee2
FNDA:3,_callee2$
FNDA:1,_callee3
FNDA:3,_callee3$
FNDA:0,_callee4
FNDA:0,_callee5
FNDA:0,_callee6
FNDA:0,_callee7
FNDA:1,_callee8
FNDA:3,_callee8$
FNDA:0,_callee9
DA:1,1
DA:2,1
DA:3,1
DA:4,1
DA:5,1
DA:6,1
DA:7,1
DA:8,1
DA:9,1
DA:10,1
DA:11,1
DA:12,1
DA:13,1
DA:14,4
DA:15,4
DA:16,4
DA:17,4
DA:18,1
DA:19,1
DA:20,1
DA:21,1
DA:22,1
DA:23,1
DA:24,1
DA:25,1
DA:26,1
DA:27,1
DA:28,1
DA:29,1
DA:30,1
DA:31,0
DA:32,1
DA:33,0
DA:34,0
DA:35,0
DA:36,0
DA:37,0
DA:38,0
DA:39,0
DA:40,0
DA:41,0
DA:42,0
DA:43,0
DA:44,0
DA:45,0
DA:46,0
DA:47,1
DA:48,0
DA:49,0
DA:50,0
DA:51,0
DA:52,0
DA:53,0
DA:54,0
DA:55,0
DA:56,0
DA:57,0
DA:58,0
DA:59,0
DA:60,0
DA:61,1
DA:62,1
DA:63,1
DA:64,1
DA:65,1
DA:66,1
DA:67,1
DA:68,1
DA:69,1
DA:70,0
DA:71,0
DA:72,0
DA:73,0
DA:74,0
DA:75,0
DA:76,0
DA:77,0
DA:78,0
DA:79,0
DA:80,0
DA:81,0
DA:82,0
DA:83,0
DA:84,0
DA:85,0
DA:86,0
DA:87,0
DA:88,0
DA:89,0
DA:90,0
DA:91,0
DA:92,0
DA:93,0
DA:94,0
DA:95,0
DA:96,0
DA:97,0
DA:98,0
DA:99,0
DA:100,0
DA:101,0
DA:102,0
DA:103,0
DA:104,0
DA:105,0
DA:106,0
DA:107,0
DA:108,0
DA:109,0
DA:110,0
DA:111,0
DA:112,0
DA:113,0
DA:114,0
DA:115,0
DA:116,0
DA:117,0
DA:118,0
DA:119,0
DA:120,1
DA:121,1
DA:122,1
DA:123,1
DA:124,1
DA:125,1
DA:126,1
DA:127,1
DA:128,1
DA:129,1
DA:130,1
DA:131,1
DA:132,1
DA:133,0
DA:134,0
DA:135,0
DA:136,0
DA:137,0
DA:138,0
DA:139,0
DA:140,1
DA:141,1
DA:142,1
DA:143,1
DA:144,1
DA:145,1
DA:146,1
DA:147,1
DA:148,1
DA:149,1
DA:150,1
DA:151,0
DA:152,0
DA:153,0
DA:154,0
DA:155,0
DA:156,0
DA:157,0
DA:158,0
DA:159,0
DA:160,0
DA:161,0
DA:162,0
DA:163,1
DA:164,1
DA:165,1
DA:166,0
DA:167,0
DA:168,0
DA:169,0
DA:170,0
DA:171,0
DA:172,1
DA:173,1
DA:174,1
DA:175,1
DA:176,0
DA:177,0
DA:178,0
DA:179,0
DA:180,0
DA:181,0
DA:182,0
DA:183,0
DA:184,0
DA:185,0
DA:186,0
DA:187,0
DA:188,0
DA:189,0
DA:190,0
DA:191,0
DA:192,0
DA:193,0
DA:194,0
DA:195,1
DA:196,1
DA:197,1
DA:198,1
DA:199,0
DA:200,0
DA:201,0
DA:202,0
DA:203,0
DA:204,0
DA:205,0
DA:206,0
DA:207,0
DA:208,0
DA:209,0
DA:210,0
DA:211,0
DA:212,0
DA:213,0
DA:214,0
DA:215,0
DA:216,0
DA:217,0
DA:218,0
DA:219,0
DA:220,1
DA:221,1
DA:222,1
DA:223,1
DA:224,0
DA:225,0
DA:226,0
DA:227,0
DA:228,0
DA:229,0
DA:230,0
DA:231,0
DA:232,0
DA:233,0
DA:234,0
DA:235,0
DA:236,0
DA:237,0
DA:238,0
DA:239,0
DA:240,1
DA:241,1
DA:242,1
DA:243,1
DA:244,1
DA:245,1
DA:246,1
DA:247,1
DA:248,1
DA:249,1
DA:250,1
DA:251,1
DA:252,1
DA:253,1
DA:254,1
DA:255,1
DA:256,1
DA:257,1
DA:258,1
DA:259,1
DA:260,1
DA:261,1
DA:262,0
DA:263,0
DA:264,0
DA:265,1
DA:266,1
DA:267,1
DA:268,1
DA:269,0
DA:270,0
DA:271,0
DA:272,0
DA:273,0
DA:274,0
DA:275,0
DA:276,0
DA:277,0
DA:278,0
DA:279,0
DA:280,0
DA:281,1
DA:282,1
DA:283,1
DA:284,1
DA:285,1
DA:286,1
DA:287,1
DA:288,1
DA:289,1
DA:290,1
LF:290
LH:116
BRDA:2,0,0,1
BRDA:2,1,0,0
BRDA:2,2,0,0
BRDA:2,3,0,0
BRDA:2,4,0,0
BRDA:2,5,0,0
BRDA:2,6,0,0
BRDA:2,7,0,19
BRDA:2,8,0,13
BRDA:2,9,0,9
BRDA:2,10,0,0
BRDA:2,11,0,7
BRDA:2,12,0,26
BRDA:2,13,0,0
BRDA:2,14,0,2
BRDA:2,15,0,6
BRDA:2,16,0,19
BRDA:2,17,0,9
BRDA:2,18,0,19
BRDA:2,19,0,0
BRDA:2,20,0,0
BRDA:2,21,0,26
BRDA:2,22,0,0
BRDA:2,23,0,19
BRDA:2,24,0,7
BRDA:2,25,0,0
BRDA:2,26,0,9
BRDA:2,27,0,17
BRDA:2,28,0,7
BRDA:2,29,0,19
BRDA:2,30,0,0
BRDA:2,31,0,3
BRDA:2,32,0,0
BRDA:2,33,0,12
BRDA:2,34,0,9
BRDA:2,35,0,1
BRDA:2,36,0,0
BRDA:2,37,0,0
BRDA:2,38,0,0
BRDA:2,39,0,11
BRDA:2,40,0,0
BRDA:2,41,0,9
BRDA:2,42,0,0
BRDA:2,43,0,9
BRDA:2,44,0,0
BRDA:2,45,0,14
BRDA:2,46,0,18
BRDA:2,47,0,2
BRDA:2,48,0,0
BRDA:2,49,0,0
BRDA:2,50,0,0
BRDA:2,51,0,0
BRDA:2,52,0,0
BRDA:2,53,0,0
BRDA:2,54,0,0
BRDA:2,55,0,0
BRDA:2,56,0,14
BRDA:2,57,0,0
BRDA:2,58,0,0
BRDA:2,59,0,0
BRDA:2,60,0,19
BRDA:2,61,0,0
BRDA:2,62,0,9
BRDA:2,63,0,10
BRDA:2,64,0,11
BRDA:2,65,0,9
BRDA:2,66,0,9
BRDA:2,67,0,19
BRDA:14,68,0,4
BRDA:15,69,0,1
BRDA:15,70,0,4
BRDA:15,71,0,12
BRDA:15,72,0,4
BRDA:16,73,0,4
BRDA:17,74,0,0
BRDA:17,75,0,4
BRDA:19,76,0,1
BRDA:20,77,0,1
BRDA:20,78,0,1
BRDA:20,79,0,2
BRDA:20,80,0,1
BRDA:21,81,0,1
BRDA:21,82,0,1
BRDA:62,83,0,1
BRDA:62,84,0,1
BRDA:62,85,0,3
BRDA:62,86,0,1
BRDA:65,87,0,1
BRDA:68,88,0,0
BRDA:69,89,0,0
BRDA:83,90,0,0
BRDA:108,91,0,0
BRDA:112,92,0,0
BRDA:115,93,0,0
BRDA:115,94,0,0
BRDA:119,95,0,0
BRDA:119,96,0,1
BRDA:67,97,0,4
BRDA:121,98,0,1
BRDA:124,99,0,1
BRDA:124,100,0,1
BRDA:124,101,0,3
BRDA:124,102,0,1
BRDA:127,103,0,1
BRDA:131,104,0,0
BRDA:132,105,0,0
BRDA:137,106,0,0
BRDA:139,107,0,0
BRDA:139,108,0,1
BRDA:129,109,0,4
BRDA:129,110,0,0
BRDA:140,111,0,1
BRDA:142,112,0,1
BRDA:142,113,0,1
BRDA:142,114,0,3
BRDA:142,115,0,1
BRDA:144,116,0,1
BRDA:149,117,0,0
BRDA:150,118,0,0
BRDA:155,119,0,0
BRDA:162,120,0,0
BRDA:162,121,0,1
BRDA:147,122,0,4
BRDA:147,123,0,0
BRDA:163,124,0,1
BRDA:165,125,0,1
BRDA:175,126,0,1
BRDA:198,127,0,1
BRDA:223,128,0,1
BRDA:243,129,0,1
BRDA:243,130,0,1
BRDA:243,131,0,3
BRDA:243,132,0,4
BRDA:243,133,0,1
BRDA:247,134,0,1
BRDA:259,135,0,1
BRDA:262,136,0,0
BRDA:266,137,0,1
BRDA:268,138,0,1
BRF:139
BRH:87
end_of_record
TN:
SF:src\js\register.js
FN:2,_regeneratorRuntime
FN:2,asyncGeneratorStep
FN:2,_asyncToGenerator
FNF:3
FNH:0
FNDA:0,_regeneratorRuntime
FNDA:0,asyncGeneratorStep
FNDA:0,_asyncToGenerator
DA:1,1
DA:2,0
DA:3,1
DA:4,1
DA:5,1
DA:6,1
DA:7,1
DA:8,1
DA:9,1
DA:10,1
DA:11,1
DA:12,1
DA:13,1
DA:14,1
DA:15,1
DA:16,1
DA:17,1
DA:18,1
DA:19,1
DA:20,1
DA:21,1
DA:22,1
DA:23,1
DA:24,1
DA:25,1
DA:26,1
DA:27,1
DA:28,1
DA:29,1
DA:30,1
DA:31,1
DA:32,0
DA:33,0
DA:34,0
DA:35,0
DA:36,0
DA:37,0
DA:38,0
DA:39,0
DA:40,0
DA:41,0
DA:42,0
DA:43,0
DA:44,0
DA:45,0
DA:46,0
DA:47,0
DA:48,0
DA:49,0
DA:50,1
LF:50
LH:31
BRF:0
BRH:0
end_of_record
