TN:
SF:server.js
FN:21,sendVerificationEmail
FN:22,_sendVerificationEmail
FN:22,_callee7
FN:22,_callee7$
FN:37,sendResetEmail
FN:38,_sendResetEmail
FN:38,_callee8
FN:38,_callee8$
FN:55,_callee
FN:55,_callee$
FN:115,_callee2
FN:115,_callee2$
FN:151,_callee3
FN:162,_callee4
FN:177,_callee5
FN:192,_callee6
FNF:16
FNH:12
FNDA:1,sendVerificationEmail
FNDA:1,_sendVerificationEmail
FNDA:1,_callee7
FNDA:2,_callee7$
FNDA:1,sendResetEmail
FNDA:1,_sendResetEmail
FNDA:1,_callee8
FNDA:2,_callee8$
FNDA:2,_callee
FNDA:5,_callee$
FNDA:2,_callee2
FNDA:5,_callee2$
FNDA:0,_callee3
FNDA:0,_callee4
FNDA:0,_callee5
FNDA:0,_callee6
DA:1,1
DA:2,1
DA:3,1
DA:4,1
DA:5,1
DA:6,1
DA:7,1
DA:8,1
DA:9,1
DA:10,1
DA:11,1
DA:12,1
DA:13,1
DA:14,1
DA:15,1
DA:16,1
DA:17,1
DA:18,1
DA:19,1
DA:20,1
DA:21,1
DA:22,1
DA:23,1
DA:24,1
DA:25,1
DA:26,1
DA:27,1
DA:28,1
DA:29,1
DA:30,1
DA:31,1
DA:32,1
DA:33,1
DA:34,1
DA:35,1
DA:36,1
DA:37,1
DA:38,1
DA:39,1
DA:40,1
DA:41,1
DA:42,1
DA:43,1
DA:44,1
DA:45,1
DA:46,1
DA:47,1
DA:48,1
DA:49,1
DA:50,1
DA:51,1
DA:52,1
DA:53,1
DA:54,1
DA:55,1
DA:56,2
DA:57,2
DA:58,2
DA:59,2
DA:60,2
DA:61,1
DA:62,1
DA:63,1
DA:64,1
DA:65,1
DA:66,1
DA:67,1
DA:68,1
DA:69,1
DA:70,1
DA:71,1
DA:72,1
DA:73,1
DA:74,1
DA:75,0
DA:76,0
DA:77,1
DA:78,1
DA:79,1
DA:80,1
DA:81,1
DA:82,1
DA:83,1
DA:84,2
DA:85,2
DA:86,2
DA:87,2
DA:88,1
DA:89,1
DA:90,1
DA:91,1
DA:92,1
DA:93,1
DA:94,1
DA:95,1
DA:96,1
DA:97,1
DA:98,3
DA:99,3
DA:100,3
DA:101,3
DA:102,1
DA:103,1
DA:104,3
DA:105,1
DA:106,1
DA:107,1
DA:108,1
DA:109,1
DA:110,1
DA:111,1
DA:112,1
DA:113,1
DA:114,1
DA:115,1
DA:116,2
DA:117,2
DA:118,2
DA:119,2
DA:120,2
DA:121,1
DA:122,1
DA:123,1
DA:124,1
DA:125,1
DA:126,1
DA:127,1
DA:128,0
DA:129,0
DA:130,1
DA:131,1
DA:132,1
DA:133,1
DA:134,1
DA:135,1
DA:136,1
DA:137,2
DA:138,2
DA:139,2
DA:140,2
DA:141,1
DA:142,1
DA:143,1
DA:144,1
DA:145,1
DA:146,1
DA:147,1
DA:148,1
DA:149,1
DA:150,1
DA:151,1
DA:152,0
DA:153,0
DA:154,0
DA:155,0
DA:156,0
DA:157,0
DA:158,0
DA:159,1
DA:160,1
DA:161,1
DA:162,1
DA:163,0
DA:164,0
DA:165,0
DA:166,0
DA:167,0
DA:168,0
DA:169,0
DA:170,0
DA:171,0
DA:172,0
DA:173,0
DA:174,1
DA:175,1
DA:176,1
DA:177,1
DA:178,0
DA:179,0
DA:180,0
DA:181,0
DA:182,0
DA:183,0
DA:184,0
DA:185,0
DA:186,0
DA:187,0
DA:188,0
DA:189,1
DA:190,1
DA:191,1
DA:192,1
DA:193,0
DA:194,0
DA:195,0
DA:196,0
DA:197,0
DA:198,0
DA:199,0
DA:200,0
DA:201,0
DA:202,1
DA:203,1
DA:204,1
DA:205,1
DA:206,1
DA:207,1
DA:208,1
DA:209,1
DA:210,1
DA:211,1
DA:212,1
DA:213,1
DA:214,1
DA:215,1
DA:216,1
DA:217,1
DA:218,1
DA:219,1
DA:220,1
DA:221,1
DA:222,1
DA:223,1
DA:224,1
DA:225,1
DA:226,1
DA:227,1
DA:228,1
DA:229,1
DA:230,1
DA:231,1
DA:232,1
DA:233,1
DA:234,1
DA:235,1
DA:236,1
LF:236
LH:194
BRDA:21,0,0,1
BRDA:22,1,0,1
BRDA:22,2,0,1
BRDA:22,3,0,2
BRDA:22,4,0,1
BRDA:35,5,0,0
BRDA:35,6,0,1
BRDA:37,7,0,1
BRDA:38,8,0,1
BRDA:38,9,0,1
BRDA:38,10,0,2
BRDA:38,11,0,1
BRDA:51,12,0,0
BRDA:51,13,0,1
BRDA:55,14,0,1
BRDA:55,15,0,2
BRDA:55,16,0,5
BRDA:55,17,0,6
BRDA:55,18,0,2
BRDA:60,19,0,1
BRDA:61,20,0,1
BRDA:74,21,0,0
BRDA:76,22,0,1
BRDA:79,23,0,0
BRDA:79,24,0,2
BRDA:59,25,0,1
BRDA:81,26,0,2
BRDA:83,27,0,2
BRDA:87,28,0,1
BRDA:86,29,0,1
BRDA:97,30,0,3
BRDA:101,31,0,1
BRDA:103,32,0,2
BRDA:104,33,0,1
BRDA:99,34,0,2
BRDA:115,35,0,1
BRDA:115,36,0,2
BRDA:115,37,0,5
BRDA:115,38,0,6
BRDA:115,39,0,2
BRDA:120,40,0,1
BRDA:121,41,0,1
BRDA:127,42,0,0
BRDA:129,43,0,1
BRDA:132,44,0,0
BRDA:132,45,0,2
BRDA:118,46,0,1
BRDA:134,47,0,2
BRDA:136,48,0,2
BRDA:140,49,0,1
BRDA:138,50,0,2
BRDA:151,51,0,1
BRDA:162,52,0,1
BRDA:177,53,0,1
BRDA:192,54,0,1
BRDA:208,55,0,1
BRDA:224,56,0,1
BRDA:228,57,0,2
BRDA:228,58,0,1
BRF:59
BRH:53
end_of_record
